[2020-12-18 10:06:25.9649] 로그 쓰기를 시작합니다.
[2020-12-18 10:06:25.9659] 프로세스 실행 중 입니다.
[2020-12-18 10:06:26.0057] 프로세스 실행을 완료 하였습니다.
[2020-12-18 10:06:26.1155] [RestAPI : 172.16.3.38] 로그인 하였습니다.
[2020-12-18 10:06:26.1304] [WebSocket : 172.16.3.38] 연결 하는 중입니다.
[2020-12-18 10:06:26.1454] [WebSocket : 172.16.3.38] 연결 하였습니다.
[2020-12-18 10:07:15.2229] 로그 쓰기를 시작합니다.
[2020-12-18 10:07:15.2229] 프로세스 실행 중 입니다.
[2020-12-18 10:07:15.2628] 프로세스 실행을 완료 하였습니다.
[2020-12-18 10:07:15.3396] [RestAPI : 172.16.3.38] 로그인 하였습니다.
[2020-12-18 10:07:15.3476] [WebSocket : 172.16.3.38] 연결 하는 중입니다.
[2020-12-18 10:07:15.3615] [WebSocket : 172.16.3.38] 연결 하였습니다.
[2020-12-18 10:07:18.9304] 로그 쓰기를 시작합니다.
[2020-12-18 10:07:18.9304] 프로세스 실행 중 입니다.
[2020-12-18 10:07:18.9593] 프로세스 실행을 완료 하였습니다.
[2020-12-18 10:07:19.0371] [RestAPI : 172.16.3.38] 로그인 하였습니다.
[2020-12-18 10:07:19.0500] [WebSocket : 172.16.3.38] 연결 하는 중입니다.
[2020-12-18 10:07:19.0650] [WebSocket : 172.16.3.38] 연결 하였습니다.
[2020-12-18 10:07:21.7550] 로그 쓰기를 시작합니다.
[2020-12-18 10:07:21.7550] 프로세스 실행 중 입니다.
[2020-12-18 10:07:21.7889] 프로세스 실행을 완료 하였습니다.
[2020-12-18 10:07:21.8667] [RestAPI : 172.16.3.38] 로그인 하였습니다.
[2020-12-18 10:07:21.8827] [WebSocket : 172.16.3.38] 연결 하는 중입니다.
[2020-12-18 10:07:21.8957] [WebSocket : 172.16.3.38] 연결 하였습니다.
[2020-12-18 10:07:24.8009] 로그 쓰기를 시작합니다.
[2020-12-18 10:07:24.8009] 프로세스 실행 중 입니다.
[2020-12-18 10:07:24.8338] 프로세스 실행을 완료 하였습니다.
[2020-12-18 10:07:24.9087] [RestAPI : 172.16.3.38] 로그인 하였습니다.
[2020-12-18 10:07:24.9206] [WebSocket : 172.16.3.38] 연결 하는 중입니다.
[2020-12-18 10:07:24.9336] [WebSocket : 172.16.3.38] 연결 하였습니다.
[2020-12-18 10:07:39.8008] 로그 쓰기를 시작합니다.
[2020-12-18 10:07:39.8008] 프로세스 실행 중 입니다.
[2020-12-18 10:07:39.8347] 프로세스 실행을 완료 하였습니다.
[2020-12-18 10:07:39.9095] [RestAPI : 172.16.3.38] 로그인 하였습니다.
[2020-12-18 10:07:39.9265] [WebSocket : 172.16.3.38] 연결 하는 중입니다.
[2020-12-18 10:07:39.9404] [WebSocket : 172.16.3.38] 연결 하였습니다.
[2020-12-18 10:11:15.3599] [WebSocket : 172.16.3.38] 연결 종료합니다.
[2020-12-18 10:11:15.3639] [WebSocket : 172.16.3.38] 연결 하는 중입니다.
[2020-12-18 10:11:15.3678] [WebSocket : 172.16.3.38] 연결 하였습니다.
[2020-12-18 10:11:19.0470] [WebSocket : 172.16.3.38] 연결 종료합니다.
[2020-12-18 10:11:19.0480] [WebSocket : 172.16.3.38] 연결 하는 중입니다.
[2020-12-18 10:11:19.0501] [WebSocket : 172.16.3.38] 연결 하였습니다.
[2020-12-18 10:11:19.0570] [RestAPI : 172.16.3.38] 로그인 하였습니다.
[2020-12-18 10:11:21.8765] [WebSocket : 172.16.3.38] 연결 종료합니다.
[2020-12-18 10:11:21.8775] [WebSocket : 172.16.3.38] 연결 하는 중입니다.
[2020-12-18 10:11:21.8795] [WebSocket : 172.16.3.38] 연결 하였습니다.
[2020-12-18 10:11:21.8894] [RestAPI : 172.16.3.38] 로그인 하였습니다.
[2020-12-18 10:11:24.9203] [WebSocket : 172.16.3.38] 연결 종료합니다.
[2020-12-18 10:11:24.9213] [WebSocket : 172.16.3.38] 연결 하는 중입니다.
[2020-12-18 10:11:24.9233] [WebSocket : 172.16.3.38] 연결 하였습니다.
[2020-12-18 10:11:24.9313] [RestAPI : 172.16.3.38] 로그인 하였습니다.
[2020-12-18 10:11:39.9282] [WebSocket : 172.16.3.38] 연결 종료합니다.
[2020-12-18 10:11:39.9292] [WebSocket : 172.16.3.38] 연결 하는 중입니다.
[2020-12-18 10:11:39.9313] [WebSocket : 172.16.3.38] 연결 하였습니다.
[2020-12-18 10:11:39.9382] [RestAPI : 172.16.3.38] 로그인 하였습니다.
[2020-12-18 10:12:15.3596] [RestAPI : 172.16.3.38] 로그인 하였습니다.
[2020-12-18 10:15:19.0709] [WebSocket : 172.16.3.38] 연결 종료합니다.
[2020-12-18 10:15:19.0718] [WebSocket : 172.16.3.38] 연결 하는 중입니다.
[2020-12-18 10:15:19.0749] [WebSocket : 172.16.3.38] 연결 하였습니다.
[2020-12-18 10:15:19.0818] [RestAPI : 172.16.3.38] 로그인 하였습니다.
[2020-12-18 10:15:21.9072] [WebSocket : 172.16.3.38] 연결 종료합니다.
[2020-12-18 10:15:21.9102] [WebSocket : 172.16.3.38] 연결 하는 중입니다.
[2020-12-18 10:15:21.9112] [WebSocket : 172.16.3.38] 연결 하였습니다.
[2020-12-18 10:15:21.9332] [RestAPI : 172.16.3.38] 로그인 하였습니다.
[2020-12-18 10:15:24.9481] [WebSocket : 172.16.3.38] 연결 종료합니다.
[2020-12-18 10:15:24.9491] [WebSocket : 172.16.3.38] 연결 하는 중입니다.
[2020-12-18 10:15:24.9522] [WebSocket : 172.16.3.38] 연결 하였습니다.
[2020-12-18 10:15:24.9601] [RestAPI : 172.16.3.38] 로그인 하였습니다.
[2020-12-18 10:15:39.9511] [WebSocket : 172.16.3.38] 연결 종료합니다.
[2020-12-18 10:15:39.9520] [WebSocket : 172.16.3.38] 연결 하는 중입니다.
[2020-12-18 10:15:39.9551] [WebSocket : 172.16.3.38] 연결 하였습니다.
[2020-12-18 10:15:39.9740] [RestAPI : 172.16.3.38] 로그인 하였습니다.
[2020-12-18 10:16:15.3844] [WebSocket : 172.16.3.38] 연결 종료합니다.
[2020-12-18 10:16:15.3854] [WebSocket : 172.16.3.38] 연결 하는 중입니다.
[2020-12-18 10:16:15.3885] [WebSocket : 172.16.3.38] 연결 하였습니다.
[2020-12-18 10:16:15.4073] [RestAPI : 172.16.3.38] 로그인 하였습니다.
[2020-12-18 10:16:19.0836] [RestAPI :keepalive
[2020-12-18 10:16:21.9449] [RestAPI :keepalive
[2020-12-18 10:16:24.9618] [RestAPI :keepalive
[2020-12-18 10:16:39.9787] [RestAPI :keepalive
[2020-12-18 10:18:59.2187] 프로세스 종료대기 중 입니다.
[2020-12-18 10:18:59.2306] [WebSocket : 172.16.3.38] 연결 종료합니다.
[2020-12-18 10:19:00.8503] 프로세스 종료대기 중 입니다.
[2020-12-18 10:19:00.8584] [WebSocket : 172.16.3.38] 연결 종료합니다.
[2020-12-18 10:19:01.8905] 프로세스 종료대기 중 입니다.
[2020-12-18 10:19:01.8996] [WebSocket : 172.16.3.38] 연결 종료합니다.
[2020-12-18 10:19:02.8101] 프로세스 종료대기 중 입니다.
[2020-12-18 10:19:02.8171] [WebSocket : 172.16.3.38] 연결 종료합니다.
[2020-12-18 10:19:03.7875] 프로세스 종료대기 중 입니다.
[2020-12-18 10:19:03.7934] [WebSocket : 172.16.3.38] 연결 종료합니다.
[2020-12-18 10:19:15.5012] 프로세스를 종료하였습니다.
[2020-12-18 10:19:15.5332] 로그 쓰기를 종료합니다.
[2020-12-18 10:19:19.1255] 프로세스를 종료하였습니다.
[2020-12-18 10:19:19.1565] 로그 쓰기를 종료합니다.
[2020-12-18 10:19:22.0408] 프로세스를 종료하였습니다.
[2020-12-18 10:19:22.0727] 로그 쓰기를 종료합니다.
[2020-12-18 10:19:25.0845] 프로세스를 종료하였습니다.
[2020-12-18 10:19:25.1155] 로그 쓰기를 종료합니다.
[2020-12-18 10:19:40.0859] 프로세스를 종료하였습니다.
[2020-12-18 10:19:40.1177] 로그 쓰기를 종료합니다.
[2020-12-18 10:20:37.8452] 로그 쓰기를 시작합니다.
[2020-12-18 10:20:37.8452] 프로세스 실행 중 입니다.
[2020-12-18 10:20:37.8841] 프로세스 실행을 완료 하였습니다.
[2020-12-18 10:20:37.9569] [RestAPI : 172.16.3.38] 로그인 하였습니다.
[2020-12-18 10:20:37.9639] [WebSocket : 172.16.3.38] 연결 하는 중입니다.
[2020-12-18 10:20:37.9789] [WebSocket : 172.16.3.38] 연결 하였습니다.
[2020-12-18 10:20:42.0204] 로그 쓰기를 시작합니다.
[2020-12-18 10:20:42.0204] 프로세스 실행 중 입니다.
[2020-12-18 10:20:42.0553] 프로세스 실행을 완료 하였습니다.
[2020-12-18 10:20:42.1321] [RestAPI : 172.16.3.38] 로그인 하였습니다.
[2020-12-18 10:20:42.1401] [WebSocket : 172.16.3.38] 연결 하는 중입니다.
[2020-12-18 10:20:42.1530] [WebSocket : 172.16.3.38] 연결 하였습니다.
[2020-12-18 10:20:47.6371] 로그 쓰기를 시작합니다.
[2020-12-18 10:20:47.6371] 프로세스 실행 중 입니다.
[2020-12-18 10:20:47.6759] 프로세스 실행을 완료 하였습니다.
[2020-12-18 10:20:47.7527] [RestAPI : 172.16.3.38] 로그인 하였습니다.
[2020-12-18 10:20:47.7597] [WebSocket : 172.16.3.38] 연결 하는 중입니다.
[2020-12-18 10:20:47.7737] [WebSocket : 172.16.3.38] 연결 하였습니다.
[2020-12-18 10:20:54.6707] 로그 쓰기를 시작합니다.
[2020-12-18 10:20:54.6707] 프로세스 실행 중 입니다.
[2020-12-18 10:20:54.7076] 프로세스 실행을 완료 하였습니다.
[2020-12-18 10:20:54.7834] [RestAPI : 172.16.3.38] 로그인 하였습니다.
[2020-12-18 10:20:54.7944] [WebSocket : 172.16.3.38] 연결 하는 중입니다.
[2020-12-18 10:20:54.8073] [WebSocket : 172.16.3.38] 연결 하였습니다.
[2020-12-18 10:20:58.0228] 로그 쓰기를 시작합니다.
[2020-12-18 10:20:58.0228] 프로세스 실행 중 입니다.
[2020-12-18 10:20:58.0567] 프로세스 실행을 완료 하였습니다.
[2020-12-18 10:20:58.1305] [RestAPI : 172.16.3.38] 로그인 하였습니다.
[2020-12-18 10:20:58.1435] [WebSocket : 172.16.3.38] 연결 하는 중입니다.
[2020-12-18 10:20:58.1594] [WebSocket : 172.16.3.38] 연결 하였습니다.
[2020-12-18 10:22:17.2202] 로그 쓰기를 시작합니다.
[2020-12-18 10:22:17.2202] 프로세스 실행 중 입니다.
[2020-12-18 10:22:17.2730] 프로세스 실행을 완료 하였습니다.
[2020-12-18 10:22:17.3618] [RestAPI : 172.16.3.38] 로그인 하였습니다.
[2020-12-18 10:22:17.3787] [WebSocket : 172.16.3.38] 연결 하는 중입니다.
[2020-12-18 10:22:17.3937] [WebSocket : 172.16.3.38] 연결 하였습니다.
[2020-12-18 10:23:05.4114] 프로세스 종료대기 중 입니다.
[2020-12-18 10:23:05.4214] [WebSocket : 172.16.3.38] 연결 종료합니다.
[2020-12-18 10:23:21.6810] 프로세스를 종료하였습니다.
[2020-12-18 10:23:21.6970] 로그 쓰기를 종료합니다.
[2020-12-18 10:23:25.5776] 로그 쓰기를 시작합니다.
[2020-12-18 10:23:25.5785] 프로세스 실행 중 입니다.
[2020-12-18 10:23:25.6264] 프로세스 실행을 완료 하였습니다.
[2020-12-18 10:23:34.6463] [RestAPI : 172.16.3.38] 로그인 하였습니다.
[2020-12-18 10:23:34.6603] [WebSocket : 172.16.3.38] 연결 하는 중입니다.
[2020-12-18 10:23:34.6742] [WebSocket : 172.16.3.38] 연결 하였습니다.
[2020-12-18 10:23:37.9585] [RestAPI :keepalive
[2020-12-18 10:23:42.1373] [RestAPI :keepalive
[2020-12-18 10:23:47.7523] [RestAPI :keepalive
[2020-12-18 10:23:53.1209] 프로세스 종료대기 중 입니다.
[2020-12-18 10:23:53.1300] [WebSocket : 172.16.3.38] 연결 종료합니다.
[2020-12-18 10:23:54.2569] 프로세스 종료대기 중 입니다.
[2020-12-18 10:23:54.2649] [WebSocket : 172.16.3.38] 연결 종료합니다.
[2020-12-18 10:23:54.7855] [RestAPI :keepalive
[2020-12-18 10:23:56.0800] 프로세스 종료대기 중 입니다.
[2020-12-18 10:23:56.0930] [WebSocket : 172.16.3.38] 연결 종료합니다.
[2020-12-18 10:23:58.1256] [RestAPI :keepalive
[2020-12-18 10:23:58.9454] 프로세스 종료대기 중 입니다.
[2020-12-18 10:23:58.9524] [WebSocket : 172.16.3.38] 연결 종료합니다.
[2020-12-18 10:23:59.6974] 프로세스 종료대기 중 입니다.
[2020-12-18 10:23:59.7054] [WebSocket : 172.16.3.38] 연결 종료합니다.
[2020-12-18 10:24:31.8915] 프로세스 종료대기 중 입니다.
[2020-12-18 10:24:34.6450] 프로세스 종료대기 중 입니다.
[2020-12-18 10:24:36.3704] 프로세스 종료대기 중 입니다.
[2020-12-18 10:24:37.7148] 프로세스 종료대기 중 입니다.
[2020-12-18 10:24:38.6563] 프로세스 종료대기 중 입니다.
[2020-12-18 10:25:57.1039] 로그 쓰기를 시작합니다.
[2020-12-18 10:25:57.1039] 프로세스 실행 중 입니다.
[2020-12-18 10:25:57.1309] 프로세스 실행을 완료 하였습니다.
[2020-12-18 10:25:57.2077] [RestAPI : 172.16.3.38] 로그인 하였습니다.
[2020-12-18 10:25:57.2077] [RestAPI : 172.16.3.38] 로그인 하였습니다.
[2020-12-18 10:25:57.2226] [WebSocket : 172.16.3.38] 연결 하는 중입니다.
[2020-12-18 10:25:57.2356] [WebSocket : 172.16.3.38] 연결 하였습니다.
[2020-12-18 10:26:00.3194] 로그 쓰기를 시작합니다.
[2020-12-18 10:26:00.3194] 프로세스 실행 중 입니다.
[2020-12-18 10:26:00.3503] 프로세스 실행을 완료 하였습니다.
[2020-12-18 10:26:00.4271] [RestAPI : 172.16.3.38] 로그인 하였습니다.
[2020-12-18 10:26:00.4301] [RestAPI : 172.16.3.38] 로그인 하였습니다.
[2020-12-18 10:26:00.4311] [RestAPI : 172.16.3.38] 로그인 하였습니다.
[2020-12-18 10:26:00.4440] [WebSocket : 172.16.3.38] 연결 하는 중입니다.
[2020-12-18 10:26:00.4590] [WebSocket : 172.16.3.38] 연결 하였습니다.
[2020-12-18 10:26:03.0544] 로그 쓰기를 시작합니다.
[2020-12-18 10:26:03.0544] 프로세스 실행 중 입니다.
[2020-12-18 10:26:03.0843] 프로세스 실행을 완료 하였습니다.
[2020-12-18 10:26:03.1641] [RestAPI : 172.16.3.38] 로그인 하였습니다.
[2020-12-18 10:26:03.1641] [RestAPI : 172.16.3.38] 로그인 하였습니다.
[2020-12-18 10:26:03.1771] [WebSocket : 172.16.3.38] 연결 하는 중입니다.
[2020-12-18 10:26:03.1920] [WebSocket : 172.16.3.38] 연결 하였습니다.
[2020-12-18 10:26:05.6663] 로그 쓰기를 시작합니다.
[2020-12-18 10:26:05.6663] 프로세스 실행 중 입니다.
[2020-12-18 10:26:05.7072] 프로세스 실행을 완료 하였습니다.
[2020-12-18 10:26:05.7850] [RestAPI : 172.16.3.38] 로그인 하였습니다.
[2020-12-18 10:26:05.7870] [RestAPI : 172.16.3.38] 로그인 하였습니다.
[2020-12-18 10:26:05.8019] [WebSocket : 172.16.3.38] 연결 하는 중입니다.
[2020-12-18 10:26:05.8149] [WebSocket : 172.16.3.38] 연결 하였습니다.
[2020-12-18 10:26:08.3461] 로그 쓰기를 시작합니다.
[2020-12-18 10:26:08.3461] 프로세스 실행 중 입니다.
[2020-12-18 10:26:08.3810] 프로세스 실행을 완료 하였습니다.
[2020-12-18 10:26:08.4598] [RestAPI : 172.16.3.38] 로그인 하였습니다.
[2020-12-18 10:26:08.4598] [RestAPI : 172.16.3.38] 로그인 하였습니다.
[2020-12-18 10:26:08.4619] [RestAPI : 172.16.3.38] 로그인 하였습니다.
[2020-12-18 10:26:08.4798] [WebSocket : 172.16.3.38] 연결 하는 중입니다.
[2020-12-18 10:26:08.4928] [WebSocket : 172.16.3.38] 연결 하였습니다.
[2020-12-18 10:27:57.2116] [RestAPI :keepalive
[2020-12-18 10:27:57.2266] [RestAPI :keepalive
[2020-12-18 10:27:57.2436] [RestAPI :keepalive
[2020-12-18 10:27:57.2595] [RestAPI :keepalive
[2020-12-18 10:27:57.2755] [RestAPI :keepalive
[2020-12-18 10:27:57.2914] [RestAPI :keepalive
[2020-12-18 10:27:57.3064] [RestAPI :keepalive
[2020-12-18 10:27:57.3224] [RestAPI :keepalive
[2020-12-18 10:27:57.3384] [RestAPI :keepalive
[2020-12-18 10:27:57.3544] [RestAPI :keepalive
[2020-12-18 10:27:57.3703] [RestAPI :keepalive
[2020-12-18 10:27:57.3863] [RestAPI :keepalive
[2020-12-18 10:27:57.4022] [RestAPI :keepalive
[2020-12-18 10:27:57.4182] [RestAPI :keepalive
[2020-12-18 10:27:57.4341] [RestAPI :keepalive
[2020-12-18 10:27:57.4500] [RestAPI :keepalive
[2020-12-18 10:27:57.4661] [RestAPI :keepalive
[2020-12-18 10:27:57.4820] [RestAPI :keepalive
[2020-12-18 10:27:57.4979] [RestAPI :keepalive
[2020-12-18 10:27:57.5128] [RestAPI :keepalive
[2020-12-18 10:27:57.5278] [RestAPI :keepalive
[2020-12-18 10:27:57.5438] [RestAPI :keepalive
[2020-12-18 10:27:57.5597] [RestAPI :keepalive
[2020-12-18 10:27:57.5757] [RestAPI :keepalive
[2020-12-18 10:27:57.5916] [RestAPI :keepalive
[2020-12-18 10:27:57.6086] [RestAPI :keepalive
[2020-12-18 10:27:57.6246] [RestAPI :keepalive
[2020-12-18 10:27:57.6405] [RestAPI :keepalive
[2020-12-18 10:27:57.6564] [RestAPI :keepalive
[2020-12-18 10:27:57.6724] [RestAPI :keepalive
[2020-12-18 10:27:57.6884] [RestAPI :keepalive
[2020-12-18 10:27:57.7053] [RestAPI :keepalive
[2020-12-18 10:27:57.7203] [RestAPI :keepalive
[2020-12-18 10:27:57.7363] [RestAPI :keepalive
[2020-12-18 10:27:57.7522] [RestAPI :keepalive
[2020-12-18 10:27:57.7682] [RestAPI :keepalive
[2020-12-18 10:27:57.7841] [RestAPI :keepalive
[2020-12-18 10:27:57.8001] [RestAPI :keepalive
[2020-12-18 10:27:57.8160] [RestAPI :keepalive
[2020-12-18 10:27:57.8320] [RestAPI :keepalive
[2020-12-18 10:27:57.8479] [RestAPI :keepalive
[2020-12-18 10:27:57.8639] [RestAPI :keepalive
[2020-12-18 10:27:57.8790] [RestAPI :keepalive
[2020-12-18 10:27:57.8968] [RestAPI :keepalive
[2020-12-18 10:27:57.9108] [RestAPI :keepalive
[2020-12-18 10:27:57.9277] [RestAPI :keepalive
[2020-12-18 10:27:57.9467] [RestAPI :keepalive
[2020-12-18 10:27:57.9596] [RestAPI :keepalive
[2020-12-18 10:27:57.9746] [RestAPI :keepalive
[2020-12-18 10:27:57.9906] [RestAPI :keepalive
[2020-12-18 10:27:58.0055] [RestAPI :keepalive
[2020-12-18 10:27:58.0215] [RestAPI :keepalive
[2020-12-18 10:27:58.0374] [RestAPI :keepalive
[2020-12-18 10:27:58.0524] [RestAPI :keepalive
[2020-12-18 10:27:58.0674] [RestAPI :keepalive
[2020-12-18 10:27:58.0833] [RestAPI :keepalive
[2020-12-18 10:27:58.0983] [RestAPI :keepalive
[2020-12-18 10:27:58.1152] [RestAPI :keepalive
[2020-12-18 10:27:58.1312] [RestAPI :keepalive
[2020-12-18 10:27:58.1461] [RestAPI :keepalive
[2020-12-18 10:27:58.1621] [RestAPI :keepalive
[2020-12-18 10:27:58.1771] [RestAPI :keepalive
[2020-12-18 10:27:58.1931] [RestAPI :keepalive
[2020-12-18 10:27:58.2090] [RestAPI :keepalive
[2020-12-18 10:27:58.2260] [RestAPI :keepalive
[2020-12-18 10:27:58.2399] [RestAPI :keepalive
[2020-12-18 10:27:58.2550] [RestAPI :keepalive
[2020-12-18 10:27:58.2718] [RestAPI :keepalive
[2020-12-18 10:27:58.2878] [RestAPI :keepalive
[2020-12-18 10:27:58.3028] [RestAPI :keepalive
[2020-12-18 10:27:58.3197] [RestAPI :keepalive
[2020-12-18 10:27:58.3356] [RestAPI :keepalive
[2020-12-18 10:27:58.3507] [RestAPI :keepalive
[2020-12-18 10:27:58.3675] [RestAPI :keepalive
[2020-12-18 10:27:58.3826] [RestAPI :keepalive
[2020-12-18 10:27:58.4005] [RestAPI :keepalive
[2020-12-18 10:27:58.4145] [RestAPI :keepalive
[2020-12-18 10:27:58.4305] [RestAPI :keepalive
[2020-12-18 10:27:58.4463] [RestAPI :keepalive
[2020-12-18 10:27:58.4633] [RestAPI :keepalive
[2020-12-18 10:27:58.4783] [RestAPI :keepalive
[2020-12-18 10:27:58.4932] [RestAPI :keepalive
[2020-12-18 10:27:58.5092] [RestAPI :keepalive
[2020-12-18 10:27:58.5251] [RestAPI :keepalive
[2020-12-18 10:27:58.5411] [RestAPI :keepalive
[2020-12-18 10:27:58.5570] [RestAPI :keepalive
[2020-12-18 10:27:58.5720] [RestAPI :keepalive
[2020-12-18 10:27:58.5881] [RestAPI :keepalive
[2020-12-18 10:27:58.6039] [RestAPI :keepalive
[2020-12-18 10:27:58.6200] [RestAPI :keepalive
[2020-12-18 10:27:58.6368] [RestAPI :keepalive
[2020-12-18 10:27:58.6518] [RestAPI :keepalive
[2020-12-18 10:27:58.6678] [RestAPI :keepalive
[2020-12-18 10:27:58.6847] [RestAPI :keepalive
[2020-12-18 10:27:58.7007] [RestAPI :keepalive
[2020-12-18 10:27:58.7176] [RestAPI :keepalive
[2020-12-18 10:27:58.7316] [RestAPI :keepalive
[2020-12-18 10:27:58.7475] [RestAPI :keepalive
[2020-12-18 10:27:58.7636] [RestAPI :keepalive
[2020-12-18 10:27:58.7794] [RestAPI :keepalive
[2020-12-18 10:27:58.7964] [RestAPI :keepalive
[2020-12-18 10:27:58.8114] [RestAPI :keepalive
[2020-12-18 10:27:58.8283] [RestAPI :keepalive
[2020-12-18 10:27:58.8443] [RestAPI :keepalive
[2020-12-18 10:27:58.8593] [RestAPI :keepalive
[2020-12-18 10:27:58.8762] [RestAPI :keepalive
[2020-12-18 10:27:58.8912] [RestAPI :keepalive
[2020-12-18 10:27:58.9061] [RestAPI :keepalive
[2020-12-18 10:27:58.9221] [RestAPI :keepalive
[2020-12-18 10:27:58.9381] [RestAPI :keepalive
[2020-12-18 10:27:58.9540] [RestAPI :keepalive
[2020-12-18 10:27:58.9700] [RestAPI :keepalive
[2020-12-18 10:27:58.9850] [RestAPI :keepalive
[2020-12-18 10:27:59.0019] [RestAPI :keepalive
[2020-12-18 10:27:59.0178] [RestAPI :keepalive
[2020-12-18 10:27:59.0329] [RestAPI :keepalive
[2020-12-18 10:27:59.0497] [RestAPI :keepalive
[2020-12-18 10:27:59.0657] [RestAPI :keepalive
[2020-12-18 10:27:59.0817] [RestAPI :keepalive
[2020-12-18 10:27:59.0976] [RestAPI :keepalive
[2020-12-18 10:27:59.1136] [RestAPI :keepalive
[2020-12-18 10:27:59.1295] [RestAPI :keepalive
[2020-12-18 10:27:59.1455] [RestAPI :keepalive
[2020-12-18 10:27:59.1614] [RestAPI :keepalive
[2020-12-18 10:27:59.1774] [RestAPI :keepalive
[2020-12-18 10:27:59.1923] [RestAPI :keepalive
[2020-12-18 10:27:59.2093] [RestAPI :keepalive
[2020-12-18 10:27:59.2243] [RestAPI :keepalive
[2020-12-18 10:27:59.2402] [RestAPI :keepalive
[2020-12-18 10:27:59.2562] [RestAPI :keepalive
[2020-12-18 10:27:59.2722] [RestAPI :keepalive
[2020-12-18 10:27:59.2871] [RestAPI :keepalive
[2020-12-18 10:27:59.3021] [RestAPI :keepalive
[2020-12-18 10:27:59.3180] [RestAPI :keepalive
[2020-12-18 10:27:59.3330] [RestAPI :keepalive
[2020-12-18 10:27:59.3479] [RestAPI :keepalive
[2020-12-18 10:27:59.3639] [RestAPI :keepalive
[2020-12-18 10:27:59.3789] [RestAPI :keepalive
[2020-12-18 10:27:59.3938] [RestAPI :keepalive
[2020-12-18 10:27:59.4098] [RestAPI :keepalive
[2020-12-18 10:27:59.4257] [RestAPI :keepalive
[2020-12-18 10:27:59.4417] [RestAPI :keepalive
[2020-12-18 10:27:59.4576] [RestAPI :keepalive
[2020-12-18 10:27:59.4736] [RestAPI :keepalive
[2020-12-18 10:27:59.4895] [RestAPI :keepalive
[2020-12-18 10:27:59.5055] [RestAPI :keepalive
[2020-12-18 10:27:59.5215] [RestAPI :keepalive
[2020-12-18 10:27:59.5375] [RestAPI :keepalive
[2020-12-18 10:27:59.5534] [RestAPI :keepalive
[2020-12-18 10:27:59.5694] [RestAPI :keepalive
[2020-12-18 10:27:59.5853] [RestAPI :keepalive
[2020-12-18 10:27:59.6004] [RestAPI :keepalive
[2020-12-18 10:27:59.6162] [RestAPI :keepalive
[2020-12-18 10:27:59.6332] [RestAPI :keepalive
[2020-12-18 10:27:59.6482] [RestAPI :keepalive
[2020-12-18 10:27:59.6632] [RestAPI :keepalive
[2020-12-18 10:27:59.6801] [RestAPI :keepalive
[2020-12-18 10:27:59.6950] [RestAPI :keepalive
[2020-12-18 10:27:59.7091] [RestAPI :keepalive
[2020-12-18 10:27:59.7259] [RestAPI :keepalive
[2020-12-18 10:27:59.7409] [RestAPI :keepalive
[2020-12-18 10:27:59.7579] [RestAPI :keepalive
[2020-12-18 10:27:59.7738] [RestAPI :keepalive
[2020-12-18 10:27:59.7897] [RestAPI :keepalive
[2020-12-18 10:27:59.8048] [RestAPI :keepalive
[2020-12-18 10:27:59.8208] [RestAPI :keepalive
[2020-12-18 10:27:59.8376] [RestAPI :keepalive
[2020-12-18 10:27:59.8527] [RestAPI :keepalive
[2020-12-18 10:27:59.8686] [RestAPI :keepalive
[2020-12-18 10:27:59.8855] [RestAPI :keepalive
[2020-12-18 10:27:59.9015] [RestAPI :keepalive
[2020-12-18 10:27:59.9165] [RestAPI :keepalive
[2020-12-18 10:27:59.9334] [RestAPI :keepalive
[2020-12-18 10:27:59.9494] [RestAPI :keepalive
[2020-12-18 10:27:59.9643] [RestAPI :keepalive
[2020-12-18 10:27:59.9803] [RestAPI :keepalive
[2020-12-18 10:27:59.9963] [RestAPI :keepalive
[2020-12-18 10:28:00.0122] [RestAPI :keepalive
[2020-12-18 10:28:00.0282] [RestAPI :keepalive
[2020-12-18 10:28:00.0442] [RestAPI :keepalive
[2020-12-18 10:28:00.0600] [RestAPI :keepalive
[2020-12-18 10:28:00.0761] [RestAPI :keepalive
[2020-12-18 10:28:00.0929] [RestAPI :keepalive
[2020-12-18 10:28:00.1080] [RestAPI :keepalive
[2020-12-18 10:28:00.1249] [RestAPI :keepalive
[2020-12-18 10:28:00.1398] [RestAPI :keepalive
[2020-12-18 10:28:00.1539] [RestAPI :keepalive
[2020-12-18 10:28:00.1697] [RestAPI :keepalive
[2020-12-18 10:28:00.1867] [RestAPI :keepalive
[2020-12-18 10:28:00.2027] [RestAPI :keepalive
[2020-12-18 10:28:00.2186] [RestAPI :keepalive
[2020-12-18 10:28:00.2346] [RestAPI :keepalive
[2020-12-18 10:28:00.2505] [RestAPI :keepalive
[2020-12-18 10:28:00.2665] [RestAPI :keepalive
[2020-12-18 10:28:00.2825] [RestAPI :keepalive
[2020-12-18 10:28:00.2975] [RestAPI :keepalive
[2020-12-18 10:28:00.3134] [RestAPI :keepalive
[2020-12-18 10:28:00.3303] [RestAPI :keepalive
[2020-12-18 10:28:00.3453] [RestAPI :keepalive
[2020-12-18 10:28:00.3602] [RestAPI :keepalive
[2020-12-18 10:28:00.3762] [RestAPI :keepalive
[2020-12-18 10:28:00.3931] [RestAPI :keepalive
[2020-12-18 10:28:00.4072] [RestAPI :keepalive
[2020-12-18 10:28:00.4241] [RestAPI :keepalive
[2020-12-18 10:28:00.4400] [RestAPI :keepalive
[2020-12-18 10:28:00.4560] [RestAPI :keepalive
[2020-12-18 10:28:00.4719] [RestAPI :keepalive
[2020-12-18 10:28:00.4879] [RestAPI :keepalive
[2020-12-18 10:28:00.5028] [RestAPI :keepalive
[2020-12-18 10:28:00.5198] [RestAPI :keepalive
[2020-12-18 10:28:00.5338] [RestAPI :keepalive
[2020-12-18 10:28:00.5497] [RestAPI :keepalive
[2020-12-18 10:28:00.5657] [RestAPI :keepalive
[2020-12-18 10:28:00.5806] [RestAPI :keepalive
[2020-12-18 10:28:00.5956] [RestAPI :keepalive
[2020-12-18 10:28:00.6116] [RestAPI :keepalive
[2020-12-18 10:28:00.6265] [RestAPI :keepalive
[2020-12-18 10:28:00.6435] [RestAPI :keepalive
[2020-12-18 10:28:00.6594] [RestAPI :keepalive
[2020-12-18 10:28:00.6754] [RestAPI :keepalive
[2020-12-18 10:28:00.6903] [RestAPI :keepalive
[2020-12-18 10:28:00.7063] [RestAPI :keepalive
[2020-12-18 10:28:00.7233] [RestAPI :keepalive
[2020-12-18 10:28:00.7382] [RestAPI :keepalive
[2020-12-18 10:28:00.7552] [RestAPI :keepalive
[2020-12-18 10:28:00.7711] [RestAPI :keepalive
[2020-12-18 10:28:00.7871] [RestAPI :keepalive
[2020-12-18 10:28:00.8021] [RestAPI :keepalive
[2020-12-18 10:28:00.8190] [RestAPI :keepalive
[2020-12-18 10:28:00.8350] [RestAPI :keepalive
[2020-12-18 10:28:00.8509] [RestAPI :keepalive
[2020-12-18 10:28:00.8659] [RestAPI :keepalive
[2020-12-18 10:28:00.8818] [RestAPI :keepalive
[2020-12-18 10:28:00.8978] [RestAPI :keepalive
[2020-12-18 10:28:00.9138] [RestAPI :keepalive
[2020-12-18 10:28:00.9307] [RestAPI :keepalive
[2020-12-18 10:28:00.9467] [RestAPI :keepalive
[2020-12-18 10:28:00.9627] [RestAPI :keepalive
[2020-12-18 10:28:00.9776] [RestAPI :keepalive
[2020-12-18 10:28:00.9915] [RestAPI :keepalive
[2020-12-18 10:28:01.0085] [RestAPI :keepalive
[2020-12-18 10:28:01.0244] [RestAPI :keepalive
[2020-12-18 10:28:01.0404] [RestAPI :keepalive
[2020-12-18 10:28:01.0574] [RestAPI :keepalive
[2020-12-18 10:28:01.0723] [RestAPI :keepalive
[2020-12-18 10:28:01.0873] [RestAPI :keepalive
[2020-12-18 10:28:01.1043] [RestAPI :keepalive
[2020-12-18 10:28:01.1193] [RestAPI :keepalive
[2020-12-18 10:28:01.1353] [RestAPI :keepalive
[2020-12-18 10:28:01.1521] [RestAPI :keepalive
[2020-12-18 10:28:01.1671] [RestAPI :keepalive
[2020-12-18 10:28:01.1831] [RestAPI :keepalive
[2020-12-18 10:28:01.1990] [RestAPI :keepalive
[2020-12-18 10:28:01.2150] [RestAPI :keepalive
[2020-12-18 10:28:01.2309] [RestAPI :keepalive
[2020-12-18 10:28:01.2469] [RestAPI :keepalive
[2020-12-18 10:28:01.2628] [RestAPI :keepalive
[2020-12-18 10:28:01.2788] [RestAPI :keepalive
[2020-12-18 10:28:01.2948] [RestAPI :keepalive
[2020-12-18 10:28:01.3117] [RestAPI :keepalive
[2020-12-18 10:28:01.3276] [RestAPI :keepalive
[2020-12-18 10:28:01.3436] [RestAPI :keepalive
[2020-12-18 10:28:01.3596] [RestAPI :keepalive
[2020-12-18 10:28:01.3755] [RestAPI :keepalive
[2020-12-18 10:28:01.3915] [RestAPI :keepalive
[2020-12-18 10:28:01.4074] [RestAPI :keepalive
[2020-12-18 10:28:01.4225] [RestAPI :keepalive
[2020-12-18 10:28:01.4403] [RestAPI :keepalive
[2020-12-18 10:28:01.4553] [RestAPI :keepalive
[2020-12-18 10:28:01.4713] [RestAPI :keepalive
[2020-12-18 10:28:01.4872] [RestAPI :keepalive
[2020-12-18 10:28:01.5032] [RestAPI :keepalive
[2020-12-18 10:28:01.5191] [RestAPI :keepalive
[2020-12-18 10:28:01.5351] [RestAPI :keepalive
[2020-12-18 10:28:01.5511] [RestAPI :keepalive
[2020-12-18 10:28:01.5670] [RestAPI :keepalive
[2020-12-18 10:28:01.5830] [RestAPI :keepalive
[2020-12-18 10:28:01.5979] [RestAPI :keepalive
[2020-12-18 10:28:01.6129] [RestAPI :keepalive
[2020-12-18 10:28:01.6289] [RestAPI :keepalive
[2020-12-18 10:28:01.6448] [RestAPI :keepalive
[2020-12-18 10:28:01.6607] [RestAPI :keepalive
[2020-12-18 10:28:01.6758] [RestAPI :keepalive
[2020-12-18 10:28:01.6927] [RestAPI :keepalive
[2020-12-18 10:28:01.7076] [RestAPI :keepalive
[2020-12-18 10:28:01.7236] [RestAPI :keepalive
[2020-12-18 10:28:01.7405] [RestAPI :keepalive
[2020-12-18 10:28:01.7556] [RestAPI :keepalive
[2020-12-18 10:28:01.7725] [RestAPI :keepalive
[2020-12-18 10:28:01.7875] [RestAPI :keepalive
[2020-12-18 10:28:01.8034] [RestAPI :keepalive
[2020-12-18 10:28:01.8184] [RestAPI :keepalive
[2020-12-18 10:28:01.8334] [RestAPI :keepalive
[2020-12-18 10:28:01.8494] [RestAPI :keepalive
[2020-12-18 10:28:01.8653] [RestAPI :keepalive
[2020-12-18 10:28:01.8812] [RestAPI :keepalive
[2020-12-18 10:28:01.8981] [RestAPI :keepalive
[2020-12-18 10:28:01.9122] [RestAPI :keepalive
[2020-12-18 10:28:01.9270] [RestAPI :keepalive
[2020-12-18 10:28:01.9430] [RestAPI :keepalive
[2020-12-18 10:28:01.9590] [RestAPI :keepalive
[2020-12-18 10:28:01.9759] [RestAPI :keepalive
[2020-12-18 10:28:01.9919] [RestAPI :keepalive
[2020-12-18 10:28:02.0068] [RestAPI :keepalive
[2020-12-18 10:28:02.0238] [RestAPI :keepalive
[2020-12-18 10:28:02.0388] [RestAPI :keepalive
[2020-12-18 10:28:02.0557] [RestAPI :keepalive
[2020-12-18 10:28:02.0716] [RestAPI :keepalive
[2020-12-18 10:28:02.0886] [RestAPI :keepalive
[2020-12-18 10:28:02.1036] [RestAPI :keepalive
[2020-12-18 10:28:02.1186] [RestAPI :keepalive
[2020-12-18 10:28:02.1346] [RestAPI :keepalive
[2020-12-18 10:28:02.1504] [RestAPI :keepalive
[2020-12-18 10:28:02.1664] [RestAPI :keepalive
[2020-12-18 10:28:02.1824] [RestAPI :keepalive
[2020-12-18 10:28:02.1983] [RestAPI :keepalive
[2020-12-18 10:28:02.2143] [RestAPI :keepalive
[2020-12-18 10:28:02.2302] [RestAPI :keepalive
[2020-12-18 10:28:02.2463] [RestAPI :keepalive
[2020-12-18 10:28:02.2621] [RestAPI :keepalive
[2020-12-18 10:28:02.2781] [RestAPI :keepalive
[2020-12-18 10:28:02.2942] [RestAPI :keepalive
[2020-12-18 10:28:02.3101] [RestAPI :keepalive
[2020-12-18 10:28:02.3261] [RestAPI :keepalive
[2020-12-18 10:28:02.3429] [RestAPI :keepalive
[2020-12-18 10:28:02.3579] [RestAPI :keepalive
[2020-12-18 10:28:02.3749] [RestAPI :keepalive
[2020-12-18 10:28:02.3908] [RestAPI :keepalive
[2020-12-18 10:28:02.4059] [RestAPI :keepalive
[2020-12-18 10:28:02.4218] [RestAPI :keepalive
[2020-12-18 10:28:02.4397] [RestAPI :keepalive
[2020-12-18 10:28:02.4546] [RestAPI :keepalive
[2020-12-18 10:28:02.4697] [RestAPI :keepalive
[2020-12-18 10:28:02.4866] [RestAPI :keepalive
[2020-12-18 10:28:02.5025] [RestAPI :keepalive
[2020-12-18 10:28:02.5176] [RestAPI :keepalive
[2020-12-18 10:28:02.5344] [RestAPI :keepalive
[2020-12-18 10:28:02.5514] [RestAPI :keepalive
[2020-12-18 10:28:02.5663] [RestAPI :keepalive
[2020-12-18 10:28:02.5833] [RestAPI :keepalive
[2020-12-18 10:28:02.5982] [RestAPI :keepalive
[2020-12-18 10:28:02.6142] [RestAPI :keepalive
[2020-12-18 10:28:02.6302] [RestAPI :keepalive
[2020-12-18 10:28:02.6461] [RestAPI :keepalive
[2020-12-18 10:28:02.6621] [RestAPI :keepalive
[2020-12-18 10:28:02.6780] [RestAPI :keepalive
[2020-12-18 10:28:02.6940] [RestAPI :keepalive
[2020-12-18 10:28:02.7099] [RestAPI :keepalive
[2020-12-18 10:28:02.7259] [RestAPI :keepalive
[2020-12-18 10:28:02.7419] [RestAPI :keepalive
[2020-12-18 10:28:02.7568] [RestAPI :keepalive
[2020-12-18 10:28:02.7728] [RestAPI :keepalive
[2020-12-18 10:28:02.7888] [RestAPI :keepalive
[2020-12-18 10:28:02.8037] [RestAPI :keepalive
[2020-12-18 10:28:02.8187] [RestAPI :keepalive
[2020-12-18 10:28:02.8346] [RestAPI :keepalive
[2020-12-18 10:28:02.8496] [RestAPI :keepalive
[2020-12-18 10:28:02.8646] [RestAPI :keepalive
[2020-12-18 10:28:02.8805] [RestAPI :keepalive
[2020-12-18 10:28:02.8965] [RestAPI :keepalive
[2020-12-18 10:28:02.9115] [RestAPI :keepalive
[2020-12-18 10:28:02.9275] [RestAPI :keepalive
[2020-12-18 10:28:02.9434] [RestAPI :keepalive
[2020-12-18 10:28:02.9593] [RestAPI :keepalive
[2020-12-18 10:28:02.9743] [RestAPI :keepalive
[2020-12-18 10:28:02.9902] [RestAPI :keepalive
[2020-12-18 10:28:03.0062] [RestAPI :keepalive
[2020-12-18 10:28:03.0221] [RestAPI :keepalive
[2020-12-18 10:28:03.0372] [RestAPI :keepalive
[2020-12-18 10:28:03.0541] [RestAPI :keepalive
[2020-12-18 10:28:03.0700] [RestAPI :keepalive
[2020-12-18 10:28:03.0859] [RestAPI :keepalive
[2020-12-18 10:28:03.1019] [RestAPI :keepalive
[2020-12-18 10:28:03.1179] [RestAPI :keepalive
[2020-12-18 10:28:03.1338] [RestAPI :keepalive
[2020-12-18 10:28:03.1498] [RestAPI :keepalive
[2020-12-18 10:28:03.1657] [RestAPI :keepalive
[2020-12-18 10:28:03.1807] [RestAPI :keepalive
[2020-12-18 10:28:03.1976] [RestAPI :keepalive
[2020-12-18 10:28:03.2126] [RestAPI :keepalive
[2020-12-18 10:28:03.2286] [RestAPI :keepalive
[2020-12-18 10:28:03.2455] [RestAPI :keepalive
[2020-12-18 10:28:03.2605] [RestAPI :keepalive
[2020-12-18 10:28:03.2754] [RestAPI :keepalive
[2020-12-18 10:28:03.2904] [RestAPI :keepalive
[2020-12-18 10:28:03.3054] [RestAPI :keepalive
[2020-12-18 10:28:03.3203] [RestAPI :keepalive
[2020-12-18 10:28:03.3363] [RestAPI :keepalive
[2020-12-18 10:28:03.3513] [RestAPI :keepalive
[2020-12-18 10:28:03.3662] [RestAPI :keepalive
[2020-12-18 10:28:03.3822] [RestAPI :keepalive
[2020-12-18 10:28:03.3981] [RestAPI :keepalive
[2020-12-18 10:28:03.4141] [RestAPI :keepalive
[2020-12-18 10:28:03.4300] [RestAPI :keepalive
[2020-12-18 10:28:03.4460] [RestAPI :keepalive
[2020-12-18 10:28:03.4610] [RestAPI :keepalive
[2020-12-18 10:28:03.4759] [RestAPI :keepalive
[2020-12-18 10:28:03.4919] [RestAPI :keepalive
[2020-12-18 10:28:03.5078] [RestAPI :keepalive
[2020-12-18 10:28:03.5238] [RestAPI :keepalive
[2020-12-18 10:28:03.5388] [RestAPI :keepalive
[2020-12-18 10:28:03.5537] [RestAPI :keepalive
[2020-12-18 10:28:03.5697] [RestAPI :keepalive
[2020-12-18 10:28:03.5846] [RestAPI :keepalive
[2020-12-18 10:28:03.6006] [RestAPI :keepalive
[2020-12-18 10:28:03.6165] [RestAPI :keepalive
[2020-12-18 10:28:03.6315] [RestAPI :keepalive
[2020-12-18 10:28:03.6475] [RestAPI :keepalive
[2020-12-18 10:28:03.6654] [RestAPI :keepalive
[2020-12-18 10:28:03.6794] [RestAPI :keepalive
[2020-12-18 10:28:03.6963] [RestAPI :keepalive
[2020-12-18 10:28:03.7133] [RestAPI :keepalive
[2020-12-18 10:28:03.7282] [RestAPI :keepalive
[2020-12-18 10:28:03.7433] [RestAPI :keepalive
[2020-12-18 10:28:03.7602] [RestAPI :keepalive
[2020-12-18 10:28:03.7761] [RestAPI :keepalive
[2020-12-18 10:28:03.7921] [RestAPI :keepalive
[2020-12-18 10:28:03.8070] [RestAPI :keepalive
[2020-12-18 10:28:03.8221] [RestAPI :keepalive
[2020-12-18 10:28:03.8379] [RestAPI :keepalive
[2020-12-18 10:28:03.8519] [RestAPI :keepalive
[2020-12-18 10:28:03.8680] [RestAPI :keepalive
[2020-12-18 10:28:03.8848] [RestAPI :keepalive
[2020-12-18 10:28:03.9008] [RestAPI :keepalive
[2020-12-18 10:28:03.9158] [RestAPI :keepalive
[2020-12-18 10:28:03.9318] [RestAPI :keepalive
[2020-12-18 10:28:03.9477] [RestAPI :keepalive
[2020-12-18 10:28:03.9656] [RestAPI :keepalive
[2020-12-18 10:28:03.9797] [RestAPI :keepalive
[2020-12-18 10:28:03.9956] [RestAPI :keepalive
[2020-12-18 10:28:04.0116] [RestAPI :keepalive
[2020-12-18 10:28:04.0275] [RestAPI :keepalive
[2020-12-18 10:28:04.0434] [RestAPI :keepalive
[2020-12-18 10:28:04.0593] [RestAPI :keepalive
[2020-12-18 10:28:04.0753] [RestAPI :keepalive
[2020-12-18 10:28:04.0914] [RestAPI :keepalive
[2020-12-18 10:28:04.1072] [RestAPI :keepalive
[2020-12-18 10:28:04.1242] [RestAPI :keepalive
[2020-12-18 10:28:04.1411] [RestAPI :keepalive
[2020-12-18 10:28:04.1551] [RestAPI :keepalive
[2020-12-18 10:28:04.1720] [RestAPI :keepalive
[2020-12-18 10:28:04.1870] [RestAPI :keepalive
[2020-12-18 10:28:04.2040] [RestAPI :keepalive
[2020-12-18 10:28:04.2199] [RestAPI :keepalive
[2020-12-18 10:28:04.2359] [RestAPI :keepalive
[2020-12-18 10:28:04.2518] [RestAPI :keepalive
[2020-12-18 10:28:04.2678] [RestAPI :keepalive
[2020-12-18 10:28:04.2837] [RestAPI :keepalive
[2020-12-18 10:28:04.2997] [RestAPI :keepalive
[2020-12-18 10:28:04.3157] [RestAPI :keepalive
[2020-12-18 10:28:04.3316] [RestAPI :keepalive
[2020-12-18 10:28:04.3476] [RestAPI :keepalive
[2020-12-18 10:28:04.3635] [RestAPI :keepalive
[2020-12-18 10:28:04.3786] [RestAPI :keepalive
[2020-12-18 10:28:04.3964] [RestAPI :keepalive
[2020-12-18 10:28:04.4104] [RestAPI :keepalive
[2020-12-18 10:28:04.4264] [RestAPI :keepalive
[2020-12-18 10:28:04.4433] [RestAPI :keepalive
[2020-12-18 10:28:04.4593] [RestAPI :keepalive
[2020-12-18 10:28:04.4743] [RestAPI :keepalive
[2020-12-18 10:28:04.4902] [RestAPI :keepalive
[2020-12-18 10:28:04.5071] [RestAPI :keepalive
[2020-12-18 10:28:04.5231] [RestAPI :keepalive
[2020-12-18 10:28:04.5381] [RestAPI :keepalive
[2020-12-18 10:28:04.5540] [RestAPI :keepalive
[2020-12-18 10:28:04.5681] [RestAPI :keepalive
[2020-12-18 10:28:04.5839] [RestAPI :keepalive
[2020-12-18 10:28:04.5999] [RestAPI :keepalive
[2020-12-18 10:28:04.6149] [RestAPI :keepalive
[2020-12-18 10:28:04.6288] [RestAPI :keepalive
[2020-12-18 10:28:04.6468] [RestAPI :keepalive
[2020-12-18 10:28:04.6617] [RestAPI :keepalive
[2020-12-18 10:28:04.6767] [RestAPI :keepalive
[2020-12-18 10:28:04.6926] [RestAPI :keepalive
[2020-12-18 10:28:04.7086] [RestAPI :keepalive
[2020-12-18 10:28:04.7236] [RestAPI :keepalive
[2020-12-18 10:28:04.7395] [RestAPI :keepalive
[2020-12-18 10:28:04.7555] [RestAPI :keepalive
[2020-12-18 10:28:04.7715] [RestAPI :keepalive
[2020-12-18 10:28:04.7874] [RestAPI :keepalive
[2020-12-18 10:28:04.8033] [RestAPI :keepalive
[2020-12-18 10:28:04.8193] [RestAPI :keepalive
[2020-12-18 10:28:04.8353] [RestAPI :keepalive
[2020-12-18 10:28:04.8503] [RestAPI :keepalive
[2020-12-18 10:28:04.8662] [RestAPI :keepalive
[2020-12-18 10:28:04.8821] [RestAPI :keepalive
[2020-12-18 10:28:04.8981] [RestAPI :keepalive
[2020-12-18 10:28:04.9151] [RestAPI :keepalive
[2020-12-18 10:28:04.9301] [RestAPI :keepalive
[2020-12-18 10:28:04.9470] [RestAPI :keepalive
[2020-12-18 10:28:04.9619] [RestAPI :keepalive
[2020-12-18 10:28:04.9779] [RestAPI :keepalive
[2020-12-18 10:28:04.9978] [RestAPI :keepalive
[2020-12-18 10:28:05.0099] [RestAPI :keepalive
[2020-12-18 10:28:05.0259] [RestAPI :keepalive
[2020-12-18 10:28:05.0417] [RestAPI :keepalive
[2020-12-18 10:28:05.0577] [RestAPI :keepalive
[2020-12-18 10:28:05.0736] [RestAPI :keepalive
[2020-12-18 10:28:05.0896] [RestAPI :keepalive
[2020-12-18 10:28:05.1056] [RestAPI :keepalive
[2020-12-18 10:28:05.1215] [RestAPI :keepalive
[2020-12-18 10:28:05.1375] [RestAPI :keepalive
[2020-12-18 10:28:05.1534] [RestAPI :keepalive
[2020-12-18 10:28:05.1704] [RestAPI :keepalive
[2020-12-18 10:28:05.1864] [RestAPI :keepalive
[2020-12-18 10:28:05.2023] [RestAPI :keepalive
[2020-12-18 10:28:05.2182] [RestAPI :keepalive
[2020-12-18 10:28:05.2342] [RestAPI :keepalive
[2020-12-18 10:28:05.2492] [RestAPI :keepalive
[2020-12-18 10:28:05.2631] [RestAPI :keepalive
[2020-12-18 10:28:05.2791] [RestAPI :keepalive
[2020-12-18 10:28:05.2960] [RestAPI :keepalive
[2020-12-18 10:28:05.3120] [RestAPI :keepalive
[2020-12-18 10:28:05.3270] [RestAPI :keepalive
[2020-12-18 10:28:05.3439] [RestAPI :keepalive
[2020-12-18 10:28:05.3589] [RestAPI :keepalive
[2020-12-18 10:28:05.3758] [RestAPI :keepalive
[2020-12-18 10:28:05.3918] [RestAPI :keepalive
[2020-12-18 10:28:05.4078] [RestAPI :keepalive
[2020-12-18 10:28:05.4227] [RestAPI :keepalive
[2020-12-18 10:28:05.4396] [RestAPI :keepalive
[2020-12-18 10:28:05.4556] [RestAPI :keepalive
[2020-12-18 10:28:05.4716] [RestAPI :keepalive
[2020-12-18 10:28:05.4875] [RestAPI :keepalive
[2020-12-18 10:28:05.5035] [RestAPI :keepalive
[2020-12-18 10:28:05.5194] [RestAPI :keepalive
[2020-12-18 10:28:05.5354] [RestAPI :keepalive
[2020-12-18 10:28:05.5513] [RestAPI :keepalive
[2020-12-18 10:28:05.5673] [RestAPI :keepalive
[2020-12-18 10:28:05.5833] [RestAPI :keepalive
[2020-12-18 10:28:05.5972] [RestAPI :keepalive
[2020-12-18 10:28:05.6122] [RestAPI :keepalive
[2020-12-18 10:28:05.6292] [RestAPI :keepalive
[2020-12-18 10:28:05.6451] [RestAPI :keepalive
[2020-12-18 10:28:05.6611] [RestAPI :keepalive
[2020-12-18 10:28:05.6770] [RestAPI :keepalive
[2020-12-18 10:28:05.6921] [RestAPI :keepalive
[2020-12-18 10:28:05.7079] [RestAPI :keepalive
[2020-12-18 10:28:05.7229] [RestAPI :keepalive
[2020-12-18 10:28:05.7379] [RestAPI :keepalive
[2020-12-18 10:28:05.7538] [RestAPI :keepalive
[2020-12-18 10:28:05.7708] [RestAPI :keepalive
[2020-12-18 10:28:05.7868] [RestAPI :keepalive
[2020-12-18 10:28:05.8027] [RestAPI :keepalive
[2020-12-18 10:28:05.8186] [RestAPI :keepalive
[2020-12-18 10:28:05.8336] [RestAPI :keepalive
[2020-12-18 10:28:05.8496] [RestAPI :keepalive
[2020-12-18 10:28:05.8655] [RestAPI :keepalive
[2020-12-18 10:28:05.8815] [RestAPI :keepalive
[2020-12-18 10:28:05.8984] [RestAPI :keepalive
[2020-12-18 10:28:05.9154] [RestAPI :keepalive
[2020-12-18 10:28:05.9293] [RestAPI :keepalive
[2020-12-18 10:28:05.9453] [RestAPI :keepalive
[2020-12-18 10:28:05.9613] [RestAPI :keepalive
[2020-12-18 10:28:05.9782] [RestAPI :keepalive
[2020-12-18 10:28:05.9932] [RestAPI :keepalive
[2020-12-18 10:28:06.0072] [RestAPI :keepalive
[2020-12-18 10:28:06.0221] [RestAPI :keepalive
[2020-12-18 10:28:06.0371] [RestAPI :keepalive
[2020-12-18 10:28:06.0540] [RestAPI :keepalive
[2020-12-18 10:28:06.0690] [RestAPI :keepalive
[2020-12-18 10:28:06.0850] [RestAPI :keepalive
[2020-12-18 10:28:06.1009] [RestAPI :keepalive
[2020-12-18 10:28:06.1169] [RestAPI :keepalive
[2020-12-18 10:28:06.1328] [RestAPI :keepalive
[2020-12-18 10:28:06.1488] [RestAPI :keepalive
[2020-12-18 10:28:06.1647] [RestAPI :keepalive
[2020-12-18 10:28:06.1807] [RestAPI :keepalive
[2020-12-18 10:28:06.1966] [RestAPI :keepalive
[2020-12-18 10:28:06.2136] [RestAPI :keepalive
[2020-12-18 10:28:06.2285] [RestAPI :keepalive
[2020-12-18 10:28:06.2445] [RestAPI :keepalive
[2020-12-18 10:28:06.2605] [RestAPI :keepalive
[2020-12-18 10:28:06.2814] [RestAPI :keepalive
[2020-12-18 10:28:06.2924] [RestAPI :keepalive
[2020-12-18 10:28:06.3083] [RestAPI :keepalive
[2020-12-18 10:28:06.3233] [RestAPI :keepalive
[2020-12-18 10:28:06.3393] [RestAPI :keepalive
[2020-12-18 10:28:06.3543] [RestAPI :keepalive
[2020-12-18 10:28:06.3692] [RestAPI :keepalive
[2020-12-18 10:28:06.3852] [RestAPI :keepalive
[2020-12-18 10:28:06.4001] [RestAPI :keepalive
[2020-12-18 10:28:06.4151] [RestAPI :keepalive
[2020-12-18 10:28:06.4320] [RestAPI :keepalive
[2020-12-18 10:28:06.4470] [RestAPI :keepalive
[2020-12-18 10:28:06.4619] [RestAPI :keepalive
[2020-12-18 10:28:06.4770] [RestAPI :keepalive
[2020-12-18 10:28:06.4929] [RestAPI :keepalive
[2020-12-18 10:28:06.5088] [RestAPI :keepalive
[2020-12-18 10:28:06.5258] [RestAPI :keepalive
[2020-12-18 10:28:06.5407] [RestAPI :keepalive
[2020-12-18 10:28:06.5567] [RestAPI :keepalive
[2020-12-18 10:28:06.5736] [RestAPI :keepalive
[2020-12-18 10:28:06.5896] [RestAPI :keepalive
[2020-12-18 10:28:06.6046] [RestAPI :keepalive
[2020-12-18 10:28:06.6205] [RestAPI :keepalive
[2020-12-18 10:28:06.6365] [RestAPI :keepalive
[2020-12-18 10:28:06.6524] [RestAPI :keepalive
[2020-12-18 10:28:06.6684] [RestAPI :keepalive
[2020-12-18 10:28:06.6844] [RestAPI :keepalive
[2020-12-18 10:28:06.7003] [RestAPI :keepalive
[2020-12-18 10:28:06.7163] [RestAPI :keepalive
[2020-12-18 10:28:06.7323] [RestAPI :keepalive
[2020-12-18 10:28:06.7491] [RestAPI :keepalive
[2020-12-18 10:28:06.7651] [RestAPI :keepalive
[2020-12-18 10:28:06.7792] [RestAPI :keepalive
[2020-12-18 10:28:06.7941] [RestAPI :keepalive
[2020-12-18 10:28:06.8100] [RestAPI :keepalive
[2020-12-18 10:28:06.8261] [RestAPI :keepalive
[2020-12-18 10:28:06.8429] [RestAPI :keepalive
[2020-12-18 10:28:06.8589] [RestAPI :keepalive
[2020-12-18 10:28:06.8729] [RestAPI :keepalive
[2020-12-18 10:28:06.8879] [RestAPI :keepalive
[2020-12-18 10:28:06.9037] [RestAPI :keepalive
[2020-12-18 10:28:06.9198] [RestAPI :keepalive
[2020-12-18 10:28:06.9367] [RestAPI :keepalive
[2020-12-18 10:28:06.9526] [RestAPI :keepalive
[2020-12-18 10:28:06.9686] [RestAPI :keepalive
[2020-12-18 10:28:06.9845] [RestAPI :keepalive
[2020-12-18 10:28:06.9996] [RestAPI :keepalive
[2020-12-18 10:28:07.0164] [RestAPI :keepalive
[2020-12-18 10:28:07.0314] [RestAPI :keepalive
[2020-12-18 10:28:07.0464] [RestAPI :keepalive
[2020-12-18 10:28:07.0604] [RestAPI :keepalive
[2020-12-18 10:28:07.0773] [RestAPI :keepalive
[2020-12-18 10:28:07.0913] [RestAPI :keepalive
[2020-12-18 10:28:07.1082] [RestAPI :keepalive
[2020-12-18 10:28:07.1242] [RestAPI :keepalive
[2020-12-18 10:28:07.1401] [RestAPI :keepalive
[2020-12-18 10:28:07.1552] [RestAPI :keepalive
[2020-12-18 10:28:07.1720] [RestAPI :keepalive
[2020-12-18 10:28:07.1880] [RestAPI :keepalive
[2020-12-18 10:28:07.2039] [RestAPI :keepalive
[2020-12-18 10:28:07.2199] [RestAPI :keepalive
[2020-12-18 10:28:07.2349] [RestAPI :keepalive
[2020-12-18 10:28:07.2498] [RestAPI :keepalive
[2020-12-18 10:28:07.2658] [RestAPI :keepalive
[2020-12-18 10:28:07.2817] [RestAPI :keepalive
[2020-12-18 10:28:07.2977] [RestAPI :keepalive
[2020-12-18 10:28:07.3136] [RestAPI :keepalive
[2020-12-18 10:28:07.3296] [RestAPI :keepalive
[2020-12-18 10:28:07.3456] [RestAPI :keepalive
[2020-12-18 10:28:07.3615] [RestAPI :keepalive
[2020-12-18 10:28:07.3775] [RestAPI :keepalive
[2020-12-18 10:28:07.3935] [RestAPI :keepalive
[2020-12-18 10:28:07.4094] [RestAPI :keepalive
[2020-12-18 10:28:07.4254] [RestAPI :keepalive
[2020-12-18 10:28:07.4403] [RestAPI :keepalive
[2020-12-18 10:28:07.4583] [RestAPI :keepalive
[2020-12-18 10:28:07.4732] [RestAPI :keepalive
[2020-12-18 10:28:07.4883] [RestAPI :keepalive
[2020-12-18 10:28:07.5052] [RestAPI :keepalive
[2020-12-18 10:28:07.5211] [RestAPI :keepalive
[2020-12-18 10:28:07.5371] [RestAPI :keepalive
[2020-12-18 10:28:07.5530] [RestAPI :keepalive
[2020-12-18 10:28:07.5690] [RestAPI :keepalive
[2020-12-18 10:28:07.5849] [RestAPI :keepalive
[2020-12-18 10:28:07.6009] [RestAPI :keepalive
[2020-12-18 10:28:07.6159] [RestAPI :keepalive
[2020-12-18 10:28:07.6319] [RestAPI :keepalive
[2020-12-18 10:28:07.6478] [RestAPI :keepalive
[2020-12-18 10:28:07.6638] [RestAPI :keepalive
[2020-12-18 10:28:07.6797] [RestAPI :keepalive
[2020-12-18 10:28:07.6966] [RestAPI :keepalive
[2020-12-18 10:28:07.7126] [RestAPI :keepalive
[2020-12-18 10:28:07.7285] [RestAPI :keepalive
[2020-12-18 10:28:07.7435] [RestAPI :keepalive
[2020-12-18 10:28:07.7585] [RestAPI :keepalive
[2020-12-18 10:28:07.7744] [RestAPI :keepalive
[2020-12-18 10:28:07.7894] [RestAPI :keepalive
[2020-12-18 10:28:07.8044] [RestAPI :keepalive
[2020-12-18 10:28:07.8193] [RestAPI :keepalive
[2020-12-18 10:28:07.8353] [RestAPI :keepalive
[2020-12-18 10:28:07.8512] [RestAPI :keepalive
[2020-12-18 10:28:07.8662] [RestAPI :keepalive
[2020-12-18 10:28:07.8812] [RestAPI :keepalive
[2020-12-18 10:28:07.8961] [RestAPI :keepalive
[2020-12-18 10:28:07.9121] [RestAPI :keepalive
[2020-12-18 10:28:07.9280] [RestAPI :keepalive
[2020-12-18 10:28:07.9430] [RestAPI :keepalive
[2020-12-18 10:28:07.9580] [RestAPI :keepalive
[2020-12-18 10:28:07.9739] [RestAPI :keepalive
[2020-12-18 10:28:07.9889] [RestAPI :keepalive
[2020-12-18 10:28:08.0038] [RestAPI :keepalive
[2020-12-18 10:28:08.0198] [RestAPI :keepalive
[2020-12-18 10:28:08.0347] [RestAPI :keepalive
[2020-12-18 10:28:08.0517] [RestAPI :keepalive
[2020-12-18 10:28:08.0676] [RestAPI :keepalive
[2020-12-18 10:28:08.0836] [RestAPI :keepalive
[2020-12-18 10:28:08.0985] [RestAPI :keepalive
[2020-12-18 10:28:08.1146] [RestAPI :keepalive
[2020-12-18 10:28:08.1315] [RestAPI :keepalive
[2020-12-18 10:28:08.1474] [RestAPI :keepalive
[2020-12-18 10:28:08.1624] [RestAPI :keepalive
[2020-12-18 10:28:08.1783] [RestAPI :keepalive
[2020-12-18 10:28:08.1953] [RestAPI :keepalive
[2020-12-18 10:28:08.2113] [RestAPI :keepalive
[2020-12-18 10:28:08.2262] [RestAPI :keepalive
[2020-12-18 10:28:08.2432] [RestAPI :keepalive
[2020-12-18 10:28:08.2581] [RestAPI :keepalive
[2020-12-18 10:28:08.2741] [RestAPI :keepalive
[2020-12-18 10:28:08.2891] [RestAPI :keepalive
[2020-12-18 10:28:08.3040] [RestAPI :keepalive
[2020-12-18 10:28:08.3200] [RestAPI :keepalive
[2020-12-18 10:28:08.3359] [RestAPI :keepalive
[2020-12-18 10:28:08.3509] [RestAPI :keepalive
[2020-12-18 10:28:08.3659] [RestAPI :keepalive
[2020-12-18 10:28:08.3818] [RestAPI :keepalive
[2020-12-18 10:28:08.3968] [RestAPI :keepalive
[2020-12-18 10:28:08.4117] [RestAPI :keepalive
[2020-12-18 10:28:08.4267] [RestAPI :keepalive
[2020-12-18 10:28:08.4417] [RestAPI :keepalive
[2020-12-18 10:28:08.4586] [RestAPI :keepalive
[2020-12-18 10:28:08.4725] [RestAPI :keepalive
[2020-12-18 10:28:08.4885] [RestAPI :keepalive
[2020-12-18 10:28:08.5045] [RestAPI :keepalive
[2020-12-18 10:28:08.5194] [RestAPI :keepalive
[2020-12-18 10:28:08.5344] [RestAPI :keepalive
[2020-12-18 10:28:08.5494] [RestAPI :keepalive
[2020-12-18 10:28:08.5643] [RestAPI :keepalive
[2020-12-18 10:28:08.5813] [RestAPI :keepalive
[2020-12-18 10:28:08.5962] [RestAPI :keepalive
[2020-12-18 10:28:08.6122] [RestAPI :keepalive
[2020-12-18 10:28:08.6272] [RestAPI :keepalive
[2020-12-18 10:28:08.6431] [RestAPI :keepalive
[2020-12-18 10:28:08.6581] [RestAPI :keepalive
[2020-12-18 10:28:08.6750] [RestAPI :keepalive
[2020-12-18 10:28:08.6900] [RestAPI :keepalive
[2020-12-18 10:28:08.7079] [RestAPI :keepalive
[2020-12-18 10:28:08.7229] [RestAPI :keepalive
[2020-12-18 10:28:08.7389] [RestAPI :keepalive
[2020-12-18 10:28:08.7538] [RestAPI :keepalive
[2020-12-18 10:28:08.7708] [RestAPI :keepalive
[2020-12-18 10:28:08.7847] [RestAPI :keepalive
[2020-12-18 10:28:08.7997] [RestAPI :keepalive
[2020-12-18 10:28:08.8166] [RestAPI :keepalive
[2020-12-18 10:28:08.8316] [RestAPI :keepalive
[2020-12-18 10:28:08.8475] [RestAPI :keepalive
[2020-12-18 10:28:08.8645] [RestAPI :keepalive
[2020-12-18 10:28:08.8805] [RestAPI :keepalive
[2020-12-18 10:28:08.8964] [RestAPI :keepalive
[2020-12-18 10:28:08.9114] [RestAPI :keepalive
[2020-12-18 10:28:08.9273] [RestAPI :keepalive
[2020-12-18 10:28:08.9433] [RestAPI :keepalive
[2020-12-18 10:28:08.9593] [RestAPI :keepalive
[2020-12-18 10:28:08.9762] [RestAPI :keepalive
[2020-12-18 10:28:08.9922] [RestAPI :keepalive
[2020-12-18 10:28:09.0081] [RestAPI :keepalive
[2020-12-18 10:28:09.0241] [RestAPI :keepalive
[2020-12-18 10:28:09.0400] [RestAPI :keepalive
[2020-12-18 10:28:09.0560] [RestAPI :keepalive
[2020-12-18 10:28:09.0719] [RestAPI :keepalive
[2020-12-18 10:28:09.0879] [RestAPI :keepalive
[2020-12-18 10:28:09.1039] [RestAPI :keepalive
[2020-12-18 10:28:09.1198] [RestAPI :keepalive
[2020-12-18 10:28:09.1348] [RestAPI :keepalive
[2020-12-18 10:28:09.1507] [RestAPI :keepalive
[2020-12-18 10:28:09.1667] [RestAPI :keepalive
[2020-12-18 10:28:09.1827] [RestAPI :keepalive
[2020-12-18 10:28:09.1987] [RestAPI :keepalive
[2020-12-18 10:28:09.2147] [RestAPI :keepalive
[2020-12-18 10:28:09.2296] [RestAPI :keepalive
[2020-12-18 10:28:09.2455] [RestAPI :keepalive
[2020-12-18 10:28:09.2605] [RestAPI :keepalive
[2020-12-18 10:28:09.2754] [RestAPI :keepalive
[2020-12-18 10:28:09.2914] [RestAPI :keepalive
[2020-12-18 10:28:09.3064] [RestAPI :keepalive
[2020-12-18 10:28:09.3233] [RestAPI :keepalive
[2020-12-18 10:28:09.3382] [RestAPI :keepalive
[2020-12-18 10:28:09.3542] [RestAPI :keepalive
[2020-12-18 10:28:09.3701] [RestAPI :keepalive
[2020-12-18 10:28:09.3862] [RestAPI :keepalive
[2020-12-18 10:28:09.4022] [RestAPI :keepalive
[2020-12-18 10:28:09.4181] [RestAPI :keepalive
[2020-12-18 10:28:09.4341] [RestAPI :keepalive
[2020-12-18 10:28:09.4500] [RestAPI :keepalive
[2020-12-18 10:28:09.4659] [RestAPI :keepalive
[2020-12-18 10:28:09.4820] [RestAPI :keepalive
[2020-12-18 10:28:09.4979] [RestAPI :keepalive
[2020-12-18 10:28:09.5148] [RestAPI :keepalive
[2020-12-18 10:28:09.5307] [RestAPI :keepalive
[2020-12-18 10:28:09.5467] [RestAPI :keepalive
[2020-12-18 10:28:09.5626] [RestAPI :keepalive
[2020-12-18 10:28:09.5786] [RestAPI :keepalive
[2020-12-18 10:28:09.5937] [RestAPI :keepalive
[2020-12-18 10:28:09.6105] [RestAPI :keepalive
[2020-12-18 10:28:09.6265] [RestAPI :keepalive
[2020-12-18 10:28:09.6415] [RestAPI :keepalive
[2020-12-18 10:28:09.6574] [RestAPI :keepalive
[2020-12-18 10:28:09.6723] [RestAPI :keepalive
[2020-12-18 10:28:09.6883] [RestAPI :keepalive
[2020-12-18 10:28:09.7043] [RestAPI :keepalive
[2020-12-18 10:28:09.7202] [RestAPI :keepalive
[2020-12-18 10:28:09.7353] [RestAPI :keepalive
[2020-12-18 10:28:09.7521] [RestAPI :keepalive
[2020-12-18 10:28:09.7681] [RestAPI :keepalive
[2020-12-18 10:28:09.7840] [RestAPI :keepalive
[2020-12-18 10:28:09.7991] [RestAPI :keepalive
[2020-12-18 10:28:09.8160] [RestAPI :keepalive
[2020-12-18 10:28:09.8310] [RestAPI :keepalive
[2020-12-18 10:28:09.8479] [RestAPI :keepalive
[2020-12-18 10:28:09.8639] [RestAPI :keepalive
[2020-12-18 10:28:09.8798] [RestAPI :keepalive
[2020-12-18 10:28:09.8957] [RestAPI :keepalive
[2020-12-18 10:28:09.9108] [RestAPI :keepalive
[2020-12-18 10:28:09.9268] [RestAPI :keepalive
[2020-12-18 10:28:09.9436] [RestAPI :keepalive
[2020-12-18 10:28:09.9587] [RestAPI :keepalive
[2020-12-18 10:28:09.9756] [RestAPI :keepalive
[2020-12-18 10:28:09.9905] [RestAPI :keepalive
[2020-12-18 10:28:10.0065] [RestAPI :keepalive
[2020-12-18 10:28:10.0214] [RestAPI :keepalive
[2020-12-18 10:28:10.0364] [RestAPI :keepalive
[2020-12-18 10:28:10.0523] [RestAPI :keepalive
[2020-12-18 10:28:10.0673] [RestAPI :keepalive
[2020-12-18 10:28:10.0833] [RestAPI :keepalive
[2020-12-18 10:28:10.0982] [RestAPI :keepalive
[2020-12-18 10:28:10.1123] [RestAPI :keepalive
[2020-12-18 10:28:10.1281] [RestAPI :keepalive
[2020-12-18 10:28:10.1441] [RestAPI :keepalive
[2020-12-18 10:28:10.1590] [RestAPI :keepalive
[2020-12-18 10:28:10.1740] [RestAPI :keepalive
[2020-12-18 10:28:10.1900] [RestAPI :keepalive
[2020-12-18 10:28:10.2049] [RestAPI :keepalive
[2020-12-18 10:28:10.2209] [RestAPI :keepalive
[2020-12-18 10:28:10.2368] [RestAPI :keepalive
[2020-12-18 10:28:10.2518] [RestAPI :keepalive
[2020-12-18 10:28:10.2678] [RestAPI :keepalive
[2020-12-18 10:28:10.2837] [RestAPI :keepalive
[2020-12-18 10:28:10.2988] [RestAPI :keepalive
[2020-12-18 10:28:10.3146] [RestAPI :keepalive
[2020-12-18 10:28:10.3296] [RestAPI :keepalive
[2020-12-18 10:28:10.3456] [RestAPI :keepalive
[2020-12-18 10:28:10.3605] [RestAPI :keepalive
[2020-12-18 10:28:10.3755] [RestAPI :keepalive
[2020-12-18 10:28:10.3914] [RestAPI :keepalive
[2020-12-18 10:28:10.4064] [RestAPI :keepalive
[2020-12-18 10:28:10.4214] [RestAPI :keepalive
[2020-12-18 10:28:10.4383] [RestAPI :keepalive
[2020-12-18 10:28:10.4553] [RestAPI :keepalive
[2020-12-18 10:28:10.4702] [RestAPI :keepalive
[2020-12-18 10:28:10.4862] [RestAPI :keepalive
[2020-12-18 10:28:10.5022] [RestAPI :keepalive
[2020-12-18 10:28:10.5181] [RestAPI :keepalive
[2020-12-18 10:28:10.5341] [RestAPI :keepalive
[2020-12-18 10:28:10.5500] [RestAPI :keepalive
[2020-12-18 10:28:10.5650] [RestAPI :keepalive
[2020-12-18 10:28:10.5819] [RestAPI :keepalive
[2020-12-18 10:28:10.5970] [RestAPI :keepalive
[2020-12-18 10:28:10.6138] [RestAPI :keepalive
[2020-12-18 10:28:10.6298] [RestAPI :keepalive
[2020-12-18 10:28:10.6447] [RestAPI :keepalive
[2020-12-18 10:28:10.6617] [RestAPI :keepalive
[2020-12-18 10:28:10.6768] [RestAPI :keepalive
[2020-12-18 10:28:10.6936] [RestAPI :keepalive
[2020-12-18 10:28:10.7086] [RestAPI :keepalive
[2020-12-18 10:28:10.7236] [RestAPI :keepalive
[2020-12-18 10:28:10.7395] [RestAPI :keepalive
[2020-12-18 10:28:10.7555] [RestAPI :keepalive
[2020-12-18 10:28:10.7714] [RestAPI :keepalive
[2020-12-18 10:28:10.7874] [RestAPI :keepalive
[2020-12-18 10:28:10.8024] [RestAPI :keepalive
[2020-12-18 10:28:10.8184] [RestAPI :keepalive
[2020-12-18 10:28:10.8352] [RestAPI :keepalive
[2020-12-18 10:28:10.8512] [RestAPI :keepalive
[2020-12-18 10:28:10.8663] [RestAPI :keepalive
[2020-12-18 10:28:10.8831] [RestAPI :keepalive
[2020-12-18 10:28:10.8991] [RestAPI :keepalive
[2020-12-18 10:28:10.9150] [RestAPI :keepalive
[2020-12-18 10:28:10.9310] [RestAPI :keepalive
[2020-12-18 10:28:10.9470] [RestAPI :keepalive
[2020-12-18 10:28:10.9639] [RestAPI :keepalive
[2020-12-18 10:28:10.9788] [RestAPI :keepalive
[2020-12-18 10:28:10.9939] [RestAPI :keepalive
[2020-12-18 10:28:11.0099] [RestAPI :keepalive
[2020-12-18 10:28:11.0257] [RestAPI :keepalive
[2020-12-18 10:28:11.0417] [RestAPI :keepalive
[2020-12-18 10:28:11.0556] [RestAPI :keepalive
[2020-12-18 10:28:11.0726] [RestAPI :keepalive
[2020-12-18 10:28:11.0886] [RestAPI :keepalive
[2020-12-18 10:28:11.1036] [RestAPI :keepalive
[2020-12-18 10:28:11.1195] [RestAPI :keepalive
[2020-12-18 10:28:11.1354] [RestAPI :keepalive
[2020-12-18 10:28:11.1504] [RestAPI :keepalive
[2020-12-18 10:28:11.1663] [RestAPI :keepalive
[2020-12-18 10:28:11.1813] [RestAPI :keepalive
[2020-12-18 10:28:11.1974] [RestAPI :keepalive
[2020-12-18 10:28:11.2132] [RestAPI :keepalive
[2020-12-18 10:28:11.2302] [RestAPI :keepalive
[2020-12-18 10:28:11.2451] [RestAPI :keepalive
[2020-12-18 10:28:11.2611] [RestAPI :keepalive
[2020-12-18 10:28:11.2771] [RestAPI :keepalive
[2020-12-18 10:28:11.2931] [RestAPI :keepalive
[2020-12-18 10:28:11.3091] [RestAPI :keepalive
[2020-12-18 10:28:11.3250] [RestAPI :keepalive
[2020-12-18 10:28:11.3409] [RestAPI :keepalive
[2020-12-18 10:28:11.3578] [RestAPI :keepalive
[2020-12-18 10:28:11.3729] [RestAPI :keepalive
[2020-12-18 10:28:11.3897] [RestAPI :keepalive
[2020-12-18 10:28:11.4048] [RestAPI :keepalive
[2020-12-18 10:28:11.4217] [RestAPI :keepalive
[2020-12-18 10:28:11.4376] [RestAPI :keepalive
[2020-12-18 10:28:11.4546] [RestAPI :keepalive
[2020-12-18 10:28:11.4686] [RestAPI :keepalive
[2020-12-18 10:28:11.4855] [RestAPI :keepalive
[2020-12-18 10:28:11.5015] [RestAPI :keepalive
[2020-12-18 10:28:11.5174] [RestAPI :keepalive
[2020-12-18 10:28:11.5334] [RestAPI :keepalive
[2020-12-18 10:28:11.5483] [RestAPI :keepalive
[2020-12-18 10:28:11.5633] [RestAPI :keepalive
[2020-12-18 10:28:11.5783] [RestAPI :keepalive
[2020-12-18 10:28:11.5923] [RestAPI :keepalive
[2020-12-18 10:28:11.6092] [RestAPI :keepalive
[2020-12-18 10:28:11.6241] [RestAPI :keepalive
[2020-12-18 10:28:11.6401] [RestAPI :keepalive
[2020-12-18 10:28:11.6560] [RestAPI :keepalive
[2020-12-18 10:28:11.6730] [RestAPI :keepalive
[2020-12-18 10:28:11.6880] [RestAPI :keepalive
[2020-12-18 10:28:11.7039] [RestAPI :keepalive
[2020-12-18 10:28:11.7199] [RestAPI :keepalive
[2020-12-18 10:28:11.7358] [RestAPI :keepalive
[2020-12-18 10:28:11.7518] [RestAPI :keepalive
[2020-12-18 10:28:11.7678] [RestAPI :keepalive
[2020-12-18 10:28:11.7837] [RestAPI :keepalive
[2020-12-18 10:28:11.7987] [RestAPI :keepalive
[2020-12-18 10:28:11.8156] [RestAPI :keepalive
[2020-12-18 10:28:11.8316] [RestAPI :keepalive
[2020-12-18 10:28:11.8466] [RestAPI :keepalive
[2020-12-18 10:28:11.8635] [RestAPI :keepalive
[2020-12-18 10:28:11.8794] [RestAPI :keepalive
[2020-12-18 10:28:11.8944] [RestAPI :keepalive
[2020-12-18 10:28:11.9105] [RestAPI :keepalive
[2020-12-18 10:28:11.9264] [RestAPI :keepalive
[2020-12-18 10:28:11.9433] [RestAPI :keepalive
[2020-12-18 10:28:11.9603] [RestAPI :keepalive
[2020-12-18 10:28:11.9742] [RestAPI :keepalive
[2020-12-18 10:28:11.9892] [RestAPI :keepalive
[2020-12-18 10:28:12.0051] [RestAPI :keepalive
[2020-12-18 10:28:12.0211] [RestAPI :keepalive
[2020-12-18 10:28:12.0371] [RestAPI :keepalive
[2020-12-18 10:28:12.0530] [RestAPI :keepalive
[2020-12-18 10:28:12.0689] [RestAPI :keepalive
[2020-12-18 10:28:12.0849] [RestAPI :keepalive
[2020-12-18 10:28:12.1000] [RestAPI :keepalive
[2020-12-18 10:28:12.1168] [RestAPI :keepalive
[2020-12-18 10:28:12.1328] [RestAPI :keepalive
[2020-12-18 10:28:12.1487] [RestAPI :keepalive
[2020-12-18 10:28:12.1647] [RestAPI :keepalive
[2020-12-18 10:28:12.1797] [RestAPI :keepalive
[2020-12-18 10:28:12.1946] [RestAPI :keepalive
[2020-12-18 10:28:12.2116] [RestAPI :keepalive
[2020-12-18 10:28:12.2256] [RestAPI :keepalive
[2020-12-18 10:28:12.2425] [RestAPI :keepalive
[2020-12-18 10:28:12.2585] [RestAPI :keepalive
[2020-12-18 10:28:12.2734] [RestAPI :keepalive
[2020-12-18 10:28:12.2903] [RestAPI :keepalive
[2020-12-18 10:28:12.3054] [RestAPI :keepalive
[2020-12-18 10:28:12.3223] [RestAPI :keepalive
[2020-12-18 10:28:12.3382] [RestAPI :keepalive
[2020-12-18 10:28:12.3542] [RestAPI :keepalive
[2020-12-18 10:28:12.3702] [RestAPI :keepalive
[2020-12-18 10:28:12.3842] [RestAPI :keepalive
[2020-12-18 10:28:12.4001] [RestAPI :keepalive
[2020-12-18 10:28:12.4151] [RestAPI :keepalive
[2020-12-18 10:28:12.4320] [RestAPI :keepalive
[2020-12-18 10:28:12.4479] [RestAPI :keepalive
[2020-12-18 10:28:12.4639] [RestAPI :keepalive
[2020-12-18 10:28:12.4789] [RestAPI :keepalive
[2020-12-18 10:28:12.4949] [RestAPI :keepalive
[2020-12-18 10:28:12.5108] [RestAPI :keepalive
[2020-12-18 10:28:12.5267] [RestAPI :keepalive
[2020-12-18 10:28:12.5427] [RestAPI :keepalive
[2020-12-18 10:28:12.5587] [RestAPI :keepalive
[2020-12-18 10:28:12.5747] [RestAPI :keepalive
[2020-12-18 10:28:12.5905] [RestAPI :keepalive
[2020-12-18 10:28:12.6066] [RestAPI :keepalive
[2020-12-18 10:28:12.6226] [RestAPI :keepalive
[2020-12-18 10:28:12.6385] [RestAPI :keepalive
[2020-12-18 10:28:12.6564] [RestAPI :keepalive
[2020-12-18 10:28:12.6704] [RestAPI :keepalive
[2020-12-18 10:28:12.6873] [RestAPI :keepalive
[2020-12-18 10:28:12.7032] [RestAPI :keepalive
[2020-12-18 10:28:12.7202] [RestAPI :keepalive
[2020-12-18 10:28:12.7352] [RestAPI :keepalive
[2020-12-18 10:28:12.7511] [RestAPI :keepalive
[2020-12-18 10:28:12.7671] [RestAPI :keepalive
[2020-12-18 10:28:12.7831] [RestAPI :keepalive
[2020-12-18 10:28:12.7980] [RestAPI :keepalive
[2020-12-18 10:28:12.8130] [RestAPI :keepalive
[2020-12-18 10:28:12.8280] [RestAPI :keepalive
[2020-12-18 10:28:12.8449] [RestAPI :keepalive
[2020-12-18 10:28:12.8609] [RestAPI :keepalive
[2020-12-18 10:28:12.8768] [RestAPI :keepalive
[2020-12-18 10:28:12.8927] [RestAPI :keepalive
[2020-12-18 10:28:12.9087] [RestAPI :keepalive
[2020-12-18 10:28:12.9246] [RestAPI :keepalive
[2020-12-18 10:28:12.9406] [RestAPI :keepalive
[2020-12-18 10:28:12.9726] [RestAPI :keepalive
[2020-12-18 10:28:13.0044] [RestAPI :keepalive
[2020-12-18 10:28:13.0363] [RestAPI :keepalive
[2020-12-18 10:28:13.0674] [RestAPI :keepalive
[2020-12-18 10:28:13.1002] [RestAPI :keepalive
[2020-12-18 10:28:13.1312] [RestAPI :keepalive
[2020-12-18 10:28:13.1630] [RestAPI :keepalive
[2020-12-18 10:28:13.1950] [RestAPI :keepalive
[2020-12-18 10:28:13.2258] [RestAPI :keepalive
[2020-12-18 10:28:13.2568] [RestAPI :keepalive
[2020-12-18 10:28:13.2888] [RestAPI :keepalive
[2020-12-18 10:28:13.3196] [RestAPI :keepalive
[2020-12-18 10:28:13.3506] [RestAPI :keepalive
[2020-12-18 10:28:13.3834] [RestAPI :keepalive
[2020-12-18 10:28:13.4153] [RestAPI :keepalive
[2020-12-18 10:28:13.4473] [RestAPI :keepalive
[2020-12-18 10:28:13.4782] [RestAPI :keepalive
[2020-12-18 10:28:13.5092] [RestAPI :keepalive
[2020-12-18 10:28:13.5400] [RestAPI :keepalive
[2020-12-18 10:28:13.5720] [RestAPI :keepalive
[2020-12-18 10:28:13.6038] [RestAPI :keepalive
[2020-12-18 10:28:13.6349] [RestAPI :keepalive
[2020-12-18 10:28:13.6667] [RestAPI :keepalive
[2020-12-18 10:28:13.6986] [RestAPI :keepalive
[2020-12-18 10:28:13.7305] [RestAPI :keepalive
[2020-12-18 10:28:13.7614] [RestAPI :keepalive
[2020-12-18 10:28:13.7923] [RestAPI :keepalive
[2020-12-18 10:28:13.8234] [RestAPI :keepalive
[2020-12-18 10:28:13.8552] [RestAPI :keepalive
[2020-12-18 10:28:13.8872] [RestAPI :keepalive
[2020-12-18 10:28:13.9190] [RestAPI :keepalive
[2020-12-18 10:28:13.9510] [RestAPI :keepalive
[2020-12-18 10:28:13.9829] [RestAPI :keepalive
[2020-12-18 10:28:14.0138] [RestAPI :keepalive
[2020-12-18 10:28:14.0447] [RestAPI :keepalive
[2020-12-18 10:28:14.0767] [RestAPI :keepalive
[2020-12-18 10:28:14.1095] [RestAPI :keepalive
[2020-12-18 10:28:14.1404] [RestAPI :keepalive
[2020-12-18 10:28:14.1733] [RestAPI :keepalive
[2020-12-18 10:28:14.2052] [RestAPI :keepalive
[2020-12-18 10:28:14.2363] [RestAPI :keepalive
[2020-12-18 10:28:14.2672] [RestAPI :keepalive
[2020-12-18 10:28:14.2980] [RestAPI :keepalive
[2020-12-18 10:28:14.3290] [RestAPI :keepalive
[2020-12-18 10:28:14.3598] [RestAPI :keepalive
[2020-12-18 10:28:14.3907] [RestAPI :keepalive
[2020-12-18 10:28:14.4218] [RestAPI :keepalive
[2020-12-18 10:28:14.4546] [RestAPI :keepalive
[2020-12-18 10:28:14.4855] [RestAPI :keepalive
[2020-12-18 10:28:14.5175] [RestAPI :keepalive
[2020-12-18 10:28:14.5494] [RestAPI :keepalive
[2020-12-18 10:28:14.5802] [RestAPI :keepalive
[2020-12-18 10:28:14.6112] [RestAPI :keepalive
[2020-12-18 10:28:14.6432] [RestAPI :keepalive
[2020-12-18 10:28:14.6751] [RestAPI :keepalive
[2020-12-18 10:28:14.7069] [RestAPI :keepalive
[2020-12-18 10:28:14.7379] [RestAPI :keepalive
[2020-12-18 10:28:14.7688] [RestAPI :keepalive
[2020-12-18 10:28:14.8007] [RestAPI :keepalive
[2020-12-18 10:28:14.8327] [RestAPI :keepalive
[2020-12-18 10:28:14.8636] [RestAPI :keepalive
[2020-12-18 10:28:14.8944] [RestAPI :keepalive
[2020-12-18 10:28:14.9263] [RestAPI :keepalive
[2020-12-18 10:28:14.9592] [RestAPI :keepalive
[2020-12-18 10:28:14.9882] [RestAPI :keepalive
[2020-12-18 10:28:15.0192] [RestAPI :keepalive
[2020-12-18 10:28:15.0490] [RestAPI :keepalive
[2020-12-18 10:28:15.0800] [RestAPI :keepalive
[2020-12-18 10:28:15.1118] [RestAPI :keepalive
[2020-12-18 10:28:15.1418] [RestAPI :keepalive
[2020-12-18 10:28:15.1736] [RestAPI :keepalive
[2020-12-18 10:28:15.2057] [RestAPI :keepalive
[2020-12-18 10:28:15.2376] [RestAPI :keepalive
[2020-12-18 10:28:15.2695] [RestAPI :keepalive
[2020-12-18 10:28:15.3014] [RestAPI :keepalive
[2020-12-18 10:28:15.3342] [RestAPI :keepalive
[2020-12-18 10:28:15.3652] [RestAPI :keepalive
[2020-12-18 10:28:15.3980] [RestAPI :keepalive
[2020-12-18 10:28:15.4290] [RestAPI :keepalive
[2020-12-18 10:28:15.4609] [RestAPI :keepalive
[2020-12-18 10:28:15.4919] [RestAPI :keepalive
[2020-12-18 10:28:15.5228] [RestAPI :keepalive
[2020-12-18 10:28:15.5546] [RestAPI :keepalive
[2020-12-18 10:28:15.5866] [RestAPI :keepalive
[2020-12-18 10:28:15.6184] [RestAPI :keepalive
[2020-12-18 10:28:15.6504] [RestAPI :keepalive
[2020-12-18 10:28:15.6824] [RestAPI :keepalive
[2020-12-18 10:28:15.7133] [RestAPI :keepalive
[2020-12-18 10:28:15.7442] [RestAPI :keepalive
[2020-12-18 10:28:15.7750] [RestAPI :keepalive
[2020-12-18 10:28:15.8061] [RestAPI :keepalive
[2020-12-18 10:28:15.8360] [RestAPI :keepalive
[2020-12-18 10:28:15.8669] [RestAPI :keepalive
[2020-12-18 10:28:15.8977] [RestAPI :keepalive
[2020-12-18 10:28:15.9286] [RestAPI :keepalive
[2020-12-18 10:28:15.9595] [RestAPI :keepalive
[2020-12-18 10:28:15.9915] [RestAPI :keepalive
[2020-12-18 10:28:16.0215] [RestAPI :keepalive
[2020-12-18 10:28:16.0514] [RestAPI :keepalive
[2020-12-18 10:28:16.0832] [RestAPI :keepalive
[2020-12-18 10:28:16.1142] [RestAPI :keepalive
[2020-12-18 10:28:16.1460] [RestAPI :keepalive
[2020-12-18 10:28:16.1760] [RestAPI :keepalive
[2020-12-18 10:28:16.2080] [RestAPI :keepalive
[2020-12-18 10:28:16.2399] [RestAPI :keepalive
[2020-12-18 10:28:16.2707] [RestAPI :keepalive
[2020-12-18 10:28:16.3017] [RestAPI :keepalive
[2020-12-18 10:28:16.3336] [RestAPI :keepalive
[2020-12-18 10:28:16.3655] [RestAPI :keepalive
[2020-12-18 10:28:16.3974] [RestAPI :keepalive
[2020-12-18 10:28:16.4293] [RestAPI :keepalive
[2020-12-18 10:28:16.4612] [RestAPI :keepalive
[2020-12-18 10:28:16.4931] [RestAPI :keepalive
[2020-12-18 10:28:16.5250] [RestAPI :keepalive
[2020-12-18 10:28:16.5561] [RestAPI :keepalive
[2020-12-18 10:28:16.5860] [RestAPI :keepalive
[2020-12-18 10:28:16.6178] [RestAPI :keepalive
[2020-12-18 10:28:16.6487] [RestAPI :keepalive
[2020-12-18 10:28:16.6806] [RestAPI :keepalive
[2020-12-18 10:28:16.7116] [RestAPI :keepalive
[2020-12-18 10:28:16.7444] [RestAPI :keepalive
[2020-12-18 10:28:16.7755] [RestAPI :keepalive
[2020-12-18 10:28:16.8064] [RestAPI :keepalive
[2020-12-18 10:28:16.8373] [RestAPI :keepalive
[2020-12-18 10:28:16.8692] [RestAPI :keepalive
[2020-12-18 10:28:16.9011] [RestAPI :keepalive
[2020-12-18 10:28:16.9330] [RestAPI :keepalive
[2020-12-18 10:28:16.9640] [RestAPI :keepalive
[2020-12-18 10:28:16.9949] [RestAPI :keepalive
[2020-12-18 10:28:17.0257] [RestAPI :keepalive
[2020-12-18 10:28:17.0567] [RestAPI :keepalive
[2020-12-18 10:28:17.0886] [RestAPI :keepalive
[2020-12-18 10:28:17.1185] [RestAPI :keepalive
[2020-12-18 10:28:17.1505] [RestAPI :keepalive
[2020-12-18 10:28:17.1814] [RestAPI :keepalive
[2020-12-18 10:28:17.2123] [RestAPI :keepalive
[2020-12-18 10:28:17.2432] [RestAPI :keepalive
[2020-12-18 10:28:17.2750] [RestAPI :keepalive
[2020-12-18 10:28:17.3051] [RestAPI :keepalive
[2020-12-18 10:28:17.3370] [RestAPI :keepalive
[2020-12-18 10:28:17.3669] [RestAPI :keepalive
[2020-12-18 10:28:17.3988] [RestAPI :keepalive
[2020-12-18 10:28:17.4306] [RestAPI :keepalive
[2020-12-18 10:28:17.4606] [RestAPI :keepalive
[2020-12-18 10:28:17.4924] [RestAPI :keepalive
[2020-12-18 10:28:17.5225] [RestAPI :keepalive
[2020-12-18 10:28:17.5534] [RestAPI :keepalive
[2020-12-18 10:28:17.5843] [RestAPI :keepalive
[2020-12-18 10:28:17.6162] [RestAPI :keepalive
[2020-12-18 10:28:17.6471] [RestAPI :keepalive
[2020-12-18 10:28:17.6789] [RestAPI :keepalive
[2020-12-18 10:28:17.7099] [RestAPI :keepalive
[2020-12-18 10:28:17.7399] [RestAPI :keepalive
[2020-12-18 10:28:17.7718] [RestAPI :keepalive
[2020-12-18 10:28:17.8037] [RestAPI :keepalive
[2020-12-18 10:28:17.8365] [RestAPI :keepalive
[2020-12-18 10:28:17.8674] [RestAPI :keepalive
[2020-12-18 10:28:17.8994] [RestAPI :keepalive
[2020-12-18 10:28:17.9304] [RestAPI :keepalive
[2020-12-18 10:28:17.9622] [RestAPI :keepalive
[2020-12-18 10:28:17.9921] [RestAPI :keepalive
[2020-12-18 10:28:18.0220] [RestAPI :keepalive
[2020-12-18 10:28:18.0540] [RestAPI :keepalive
[2020-12-18 10:28:18.0860] [RestAPI :keepalive
[2020-12-18 10:28:18.1179] [RestAPI :keepalive
[2020-12-18 10:28:18.1488] [RestAPI :keepalive
[2020-12-18 10:28:18.1796] [RestAPI :keepalive
[2020-12-18 10:28:18.2116] [RestAPI :keepalive
[2020-12-18 10:28:18.2444] [RestAPI :keepalive
[2020-12-18 10:28:18.2755] [RestAPI :keepalive
[2020-12-18 10:28:18.3083] [RestAPI :keepalive
[2020-12-18 10:28:18.3393] [RestAPI :keepalive
[2020-12-18 10:28:18.3711] [RestAPI :keepalive
[2020-12-18 10:28:18.4030] [RestAPI :keepalive
[2020-12-18 10:28:18.4350] [RestAPI :keepalive
[2020-12-18 10:28:18.4669] [RestAPI :keepalive
[2020-12-18 10:28:18.4969] [RestAPI :keepalive
[2020-12-18 10:28:18.5278] [RestAPI :keepalive
[2020-12-18 10:28:18.5586] [RestAPI :keepalive
[2020-12-18 10:28:18.5756] [RestAPI :keepalive
[2020-12-18 10:28:18.6066] [RestAPI :keepalive
[2020-12-18 10:28:18.6385] [RestAPI :keepalive
[2020-12-18 10:28:18.6713] [RestAPI :keepalive
[2020-12-18 10:28:18.7013] [RestAPI :keepalive
[2020-12-18 10:28:18.7322] [RestAPI :keepalive
[2020-12-18 10:28:18.7650] [RestAPI :keepalive
[2020-12-18 10:28:18.7960] [RestAPI :keepalive
[2020-12-18 10:28:18.8280] [RestAPI :keepalive
[2020-12-18 10:28:18.8599] [RestAPI :keepalive
[2020-12-18 10:28:18.8917] [RestAPI :keepalive
[2020-12-18 10:28:18.9226] [RestAPI :keepalive
[2020-12-18 10:28:18.9536] [RestAPI :keepalive
[2020-12-18 10:28:18.9864] [RestAPI :keepalive
[2020-12-18 10:28:19.0184] [RestAPI :keepalive
[2020-12-18 10:28:19.0503] [RestAPI :keepalive
[2020-12-18 10:28:19.0822] [RestAPI :keepalive
[2020-12-18 10:28:19.1122] [RestAPI :keepalive
[2020-12-18 10:28:19.1440] [RestAPI :keepalive
[2020-12-18 10:28:19.1749] [RestAPI :keepalive
[2020-12-18 10:28:19.2060] [RestAPI :keepalive
[2020-12-18 10:28:19.2379] [RestAPI :keepalive
[2020-12-18 10:28:19.2697] [RestAPI :keepalive
[2020-12-18 10:28:19.2997] [RestAPI :keepalive
[2020-12-18 10:28:19.3326] [RestAPI :keepalive
[2020-12-18 10:28:19.3636] [RestAPI :keepalive
[2020-12-18 10:28:19.3955] [RestAPI :keepalive
[2020-12-18 10:28:19.4263] [RestAPI :keepalive
[2020-12-18 10:28:19.4572] [RestAPI :keepalive
[2020-12-18 10:28:19.4733] [RestAPI :keepalive
[2020-12-18 10:28:19.5032] [RestAPI :keepalive
[2020-12-18 10:28:19.5350] [RestAPI :keepalive
[2020-12-18 10:28:19.5659] [RestAPI :keepalive
[2020-12-18 10:28:19.5978] [RestAPI :keepalive
[2020-12-18 10:28:19.6297] [RestAPI :keepalive
[2020-12-18 10:28:19.6607] [RestAPI :keepalive
[2020-12-18 10:28:19.6936] [RestAPI :keepalive
[2020-12-18 10:28:19.7255] [RestAPI :keepalive
[2020-12-18 10:28:19.7565] [RestAPI :keepalive
[2020-12-18 10:28:19.7893] [RestAPI :keepalive
[2020-12-18 10:28:19.8202] [RestAPI :keepalive
[2020-12-18 10:28:19.8522] [RestAPI :keepalive
[2020-12-18 10:28:19.8841] [RestAPI :keepalive
[2020-12-18 10:28:19.9160] [RestAPI :keepalive
[2020-12-18 10:28:19.9460] [RestAPI :keepalive
[2020-12-18 10:28:19.9769] [RestAPI :keepalive
[2020-12-18 10:28:20.0077] [RestAPI :keepalive
[2020-12-18 10:28:20.0237] [RestAPI :keepalive
[2020-12-18 10:28:20.0557] [RestAPI :keepalive
[2020-12-18 10:28:20.0876] [RestAPI :keepalive
[2020-12-18 10:28:20.1195] [RestAPI :keepalive
[2020-12-18 10:28:20.1514] [RestAPI :keepalive
[2020-12-18 10:28:20.1833] [RestAPI :keepalive
[2020-12-18 10:28:20.2152] [RestAPI :keepalive
[2020-12-18 10:28:20.2471] [RestAPI :keepalive
[2020-12-18 10:28:20.2790] [RestAPI :keepalive
[2020-12-18 10:28:20.3119] [RestAPI :keepalive
[2020-12-18 10:28:20.3438] [RestAPI :keepalive
[2020-12-18 10:28:20.3748] [RestAPI :keepalive
[2020-12-18 10:28:20.4077] [RestAPI :keepalive
[2020-12-18 10:28:20.4386] [RestAPI :keepalive
[2020-12-18 10:28:20.4705] [RestAPI :keepalive
[2020-12-18 10:28:20.5014] [RestAPI :keepalive
[2020-12-18 10:28:20.5333] [RestAPI :keepalive
[2020-12-18 10:28:20.5652] [RestAPI :keepalive
[2020-12-18 10:28:20.5971] [RestAPI :keepalive
[2020-12-18 10:28:20.6291] [RestAPI :keepalive
[2020-12-18 10:28:20.6610] [RestAPI :keepalive
[2020-12-18 10:28:20.6919] [RestAPI :keepalive
[2020-12-18 10:28:20.7238] [RestAPI :keepalive
[2020-12-18 10:28:20.7528] [RestAPI :keepalive
[2020-12-18 10:28:20.7697] [RestAPI :keepalive
[2020-12-18 10:28:20.7986] [RestAPI :keepalive
[2020-12-18 10:28:20.8296] [RestAPI :keepalive
[2020-12-18 10:28:20.8605] [RestAPI :keepalive
[2020-12-18 10:28:20.8924] [RestAPI :keepalive
[2020-12-18 10:28:20.9234] [RestAPI :keepalive
[2020-12-18 10:28:20.9562] [RestAPI :keepalive
[2020-12-18 10:28:20.9872] [RestAPI :keepalive
[2020-12-18 10:28:21.0041] [RestAPI :keepalive
[2020-12-18 10:28:21.0350] [RestAPI :keepalive
[2020-12-18 10:28:21.0659] [RestAPI :keepalive
[2020-12-18 10:28:21.0978] [RestAPI :keepalive
[2020-12-18 10:28:21.1288] [RestAPI :keepalive
[2020-12-18 10:28:21.1596] [RestAPI :keepalive
[2020-12-18 10:28:21.1906] [RestAPI :keepalive
[2020-12-18 10:28:21.2226] [RestAPI :keepalive
[2020-12-18 10:28:21.2545] [RestAPI :keepalive
[2020-12-18 10:28:21.2854] [RestAPI :keepalive
[2020-12-18 10:28:21.3173] [RestAPI :keepalive
[2020-12-18 10:28:21.3481] [RestAPI :keepalive
[2020-12-18 10:28:21.3792] [RestAPI :keepalive
[2020-12-18 10:28:21.4110] [RestAPI :keepalive
[2020-12-18 10:28:21.4409] [RestAPI :keepalive
[2020-12-18 10:28:21.4738] [RestAPI :keepalive
[2020-12-18 10:28:21.5047] [RestAPI :keepalive
[2020-12-18 10:28:21.5367] [RestAPI :keepalive
[2020-12-18 10:28:21.5676] [RestAPI :keepalive
[2020-12-18 10:28:21.5995] [RestAPI :keepalive
[2020-12-18 10:28:21.6304] [RestAPI :keepalive
[2020-12-18 10:28:21.6633] [RestAPI :keepalive
[2020-12-18 10:28:21.6952] [RestAPI :keepalive
[2020-12-18 10:28:21.7262] [RestAPI :keepalive
[2020-12-18 10:28:21.7590] [RestAPI :keepalive
[2020-12-18 10:28:21.7880] [RestAPI :keepalive
[2020-12-18 10:28:21.8190] [RestAPI :keepalive
[2020-12-18 10:28:21.8498] [RestAPI :keepalive
[2020-12-18 10:28:21.8659] [RestAPI :keepalive
[2020-12-18 10:28:21.8987] [RestAPI :keepalive
[2020-12-18 10:28:21.9297] [RestAPI :keepalive
[2020-12-18 10:28:21.9606] [RestAPI :keepalive
[2020-12-18 10:28:21.9914] [RestAPI :keepalive
[2020-12-18 10:28:22.0224] [RestAPI :keepalive
[2020-12-18 10:28:22.0524] [RestAPI :keepalive
[2020-12-18 10:28:22.0842] [RestAPI :keepalive
[2020-12-18 10:28:22.1132] [RestAPI :keepalive
[2020-12-18 10:28:22.1441] [RestAPI :keepalive
[2020-12-18 10:28:22.1759] [RestAPI :keepalive
[2020-12-18 10:28:22.2078] [RestAPI :keepalive
[2020-12-18 10:28:22.2389] [RestAPI :keepalive
[2020-12-18 10:28:22.2698] [RestAPI :keepalive
[2020-12-18 10:28:22.3016] [RestAPI :keepalive
[2020-12-18 10:28:22.3326] [RestAPI :keepalive
[2020-12-18 10:28:22.3635] [RestAPI :keepalive
[2020-12-18 10:28:22.3953] [RestAPI :keepalive
[2020-12-18 10:28:22.4263] [RestAPI :keepalive
[2020-12-18 10:28:22.4572] [RestAPI :keepalive
[2020-12-18 10:28:22.4881] [RestAPI :keepalive
[2020-12-18 10:28:22.5200] [RestAPI :keepalive
[2020-12-18 10:28:22.5370] [RestAPI :keepalive
[2020-12-18 10:28:22.5679] [RestAPI :keepalive
[2020-12-18 10:28:22.5978] [RestAPI :keepalive
[2020-12-18 10:28:22.6277] [RestAPI :keepalive
[2020-12-18 10:28:22.6606] [RestAPI :keepalive
[2020-12-18 10:28:22.6916] [RestAPI :keepalive
[2020-12-18 10:28:22.7235] [RestAPI :keepalive
[2020-12-18 10:28:22.7535] [RestAPI :keepalive
[2020-12-18 10:28:22.7863] [RestAPI :keepalive
[2020-12-18 10:28:22.8163] [RestAPI :keepalive
[2020-12-18 10:28:22.8481] [RestAPI :keepalive
[2020-12-18 10:28:22.8642] [RestAPI :keepalive
[2020-12-18 10:28:22.8951] [RestAPI :keepalive
[2020-12-18 10:28:22.9260] [RestAPI :keepalive
[2020-12-18 10:28:22.9569] [RestAPI :keepalive
[2020-12-18 10:28:22.9878] [RestAPI :keepalive
[2020-12-18 10:28:23.0197] [RestAPI :keepalive
[2020-12-18 10:28:23.0497] [RestAPI :keepalive
[2020-12-18 10:28:23.0815] [RestAPI :keepalive
[2020-12-18 10:28:23.0985] [RestAPI :keepalive
[2020-12-18 10:28:23.1275] [RestAPI :keepalive
[2020-12-18 10:28:23.1573] [RestAPI :keepalive
[2020-12-18 10:28:23.1893] [RestAPI :keepalive
[2020-12-18 10:28:23.2221] [RestAPI :keepalive
[2020-12-18 10:28:23.2532] [RestAPI :keepalive
[2020-12-18 10:28:23.2851] [RestAPI :keepalive
[2020-12-18 10:28:23.3169] [RestAPI :keepalive
[2020-12-18 10:28:23.3488] [RestAPI :keepalive
[2020-12-18 10:28:23.3808] [RestAPI :keepalive
[2020-12-18 10:28:23.4117] [RestAPI :keepalive
[2020-12-18 10:28:23.4425] [RestAPI :keepalive
[2020-12-18 10:28:23.4745] [RestAPI :keepalive
[2020-12-18 10:28:23.5044] [RestAPI :keepalive
[2020-12-18 10:28:23.5353] [RestAPI :keepalive
[2020-12-18 10:28:23.5662] [RestAPI :keepalive
[2020-12-18 10:28:23.5991] [RestAPI :keepalive
[2020-12-18 10:28:23.6301] [RestAPI :keepalive
[2020-12-18 10:28:23.6620] [RestAPI :keepalive
[2020-12-18 10:28:23.6930] [RestAPI :keepalive
[2020-12-18 10:28:23.7248] [RestAPI :keepalive
[2020-12-18 10:28:23.7547] [RestAPI :keepalive
[2020-12-18 10:28:23.7856] [RestAPI :keepalive
[2020-12-18 10:28:23.8175] [RestAPI :keepalive
[2020-12-18 10:28:23.8495] [RestAPI :keepalive
[2020-12-18 10:28:23.8805] [RestAPI :keepalive
[2020-12-18 10:28:23.9123] [RestAPI :keepalive
[2020-12-18 10:28:23.9443] [RestAPI :keepalive
[2020-12-18 10:28:23.9771] [RestAPI :keepalive
[2020-12-18 10:28:24.0090] [RestAPI :keepalive
[2020-12-18 10:28:24.0399] [RestAPI :keepalive
[2020-12-18 10:28:24.0719] [RestAPI :keepalive
[2020-12-18 10:28:24.1028] [RestAPI :keepalive
[2020-12-18 10:28:24.1337] [RestAPI :keepalive
[2020-12-18 10:28:24.1656] [RestAPI :keepalive
[2020-12-18 10:28:24.1976] [RestAPI :keepalive
[2020-12-18 10:28:24.2136] [RestAPI :keepalive
[2020-12-18 10:28:24.2445] [RestAPI :keepalive
[2020-12-18 10:28:24.2754] [RestAPI :keepalive
[2020-12-18 10:28:24.3082] [RestAPI :keepalive
[2020-12-18 10:28:24.3372] [RestAPI :keepalive
[2020-12-18 10:28:24.3701] [RestAPI :keepalive
[2020-12-18 10:28:24.4010] [RestAPI :keepalive
[2020-12-18 10:28:24.4330] [RestAPI :keepalive
[2020-12-18 10:28:24.4648] [RestAPI :keepalive
[2020-12-18 10:28:24.4968] [RestAPI :keepalive
[2020-12-18 10:28:24.5287] [RestAPI :keepalive
[2020-12-18 10:28:24.5616] [RestAPI :keepalive
[2020-12-18 10:28:24.5906] [RestAPI :keepalive
[2020-12-18 10:28:24.6225] [RestAPI :keepalive
[2020-12-18 10:28:24.6534] [RestAPI :keepalive
[2020-12-18 10:28:24.6853] [RestAPI :keepalive
[2020-12-18 10:28:24.7191] [RestAPI :keepalive
[2020-12-18 10:28:24.7500] [RestAPI :keepalive
[2020-12-18 10:28:24.7791] [RestAPI :keepalive
[2020-12-18 10:28:24.8110] [RestAPI :keepalive
[2020-12-18 10:28:24.8438] [RestAPI :keepalive
[2020-12-18 10:28:24.8747] [RestAPI :keepalive
[2020-12-18 10:28:24.9056] [RestAPI :keepalive
[2020-12-18 10:28:24.9375] [RestAPI :keepalive
[2020-12-18 10:28:24.9686] [RestAPI :keepalive
[2020-12-18 10:28:25.0005] [RestAPI :keepalive
[2020-12-18 10:28:25.0333] [RestAPI :keepalive
[2020-12-18 10:28:25.0652] [RestAPI :keepalive
[2020-12-18 10:28:25.0971] [RestAPI :keepalive
[2020-12-18 10:28:25.1281] [RestAPI :keepalive
[2020-12-18 10:28:25.1601] [RestAPI :keepalive
[2020-12-18 10:28:25.1919] [RestAPI :keepalive
[2020-12-18 10:28:25.2238] [RestAPI :keepalive
[2020-12-18 10:28:25.2548] [RestAPI :keepalive
[2020-12-18 10:28:25.2866] [RestAPI :keepalive
[2020-12-18 10:28:25.3185] [RestAPI :keepalive
[2020-12-18 10:28:25.3504] [RestAPI :keepalive
[2020-12-18 10:28:25.3814] [RestAPI :keepalive
[2020-12-18 10:28:25.4133] [RestAPI :keepalive
[2020-12-18 10:28:25.4453] [RestAPI :keepalive
[2020-12-18 10:28:25.4761] [RestAPI :keepalive
[2020-12-18 10:28:25.5070] [RestAPI :keepalive
[2020-12-18 10:28:25.5399] [RestAPI :keepalive
[2020-12-18 10:28:25.5719] [RestAPI :keepalive
[2020-12-18 10:28:25.6018] [RestAPI :keepalive
[2020-12-18 10:28:25.6328] [RestAPI :keepalive
[2020-12-18 10:28:25.6656] [RestAPI :keepalive
[2020-12-18 10:28:25.6966] [RestAPI :keepalive
[2020-12-18 10:28:25.7294] [RestAPI :keepalive
[2020-12-18 10:28:25.7604] [RestAPI :keepalive
[2020-12-18 10:28:25.7924] [RestAPI :keepalive
[2020-12-18 10:28:25.8242] [RestAPI :keepalive
[2020-12-18 10:28:25.8541] [RestAPI :keepalive
[2020-12-18 10:28:25.8860] [RestAPI :keepalive
[2020-12-18 10:28:25.9169] [RestAPI :keepalive
[2020-12-18 10:28:25.9489] [RestAPI :keepalive
[2020-12-18 10:28:25.9778] 프로세스 종료대기 중 입니다.
[2020-12-18 10:28:25.9987] [WebSocket : 172.16.3.38] 연결 종료합니다.
[2020-12-18 10:28:26.0027] [RestAPI :keepalive
[2020-12-18 10:28:26.1084] 프로세스를 종료하였습니다.
[2020-12-18 10:28:26.1394] 로그 쓰기를 종료합니다.
[2020-12-18 10:31:27.9896] 로그 쓰기를 시작합니다.
[2020-12-18 10:31:27.9896] 프로세스 실행 중 입니다.
[2020-12-18 10:31:28.0235] 프로세스 실행을 완료 하였습니다.
[2020-12-18 10:31:28.1013] [RestAPI : 172.16.3.38] 로그인 하였습니다.
[2020-12-18 10:31:28.1013] [RestAPI : 172.16.3.38] 로그인 하였습니다.
[2020-12-18 10:31:28.1083] [WebSocket : 172.16.3.38] 연결 하는 중입니다.
[2020-12-18 10:31:28.1213] [WebSocket : 172.16.3.38] 연결 하였습니다.
[2020-12-18 10:31:32.8148] 로그 쓰기를 시작합니다.
[2020-12-18 10:31:32.8148] 프로세스 실행 중 입니다.
[2020-12-18 10:31:32.8497] 프로세스 실행을 완료 하였습니다.
[2020-12-18 10:31:32.9275] [RestAPI : 172.16.3.38] 로그인 하였습니다.
[2020-12-18 10:31:32.9285] [RestAPI : 172.16.3.38] 로그인 하였습니다.
[2020-12-18 10:31:32.9285] [RestAPI : 172.16.3.38] 로그인 하였습니다.
[2020-12-18 10:31:32.9445] [WebSocket : 172.16.3.38] 연결 하는 중입니다.
[2020-12-18 10:31:32.9585] [WebSocket : 172.16.3.38] 연결 하였습니다.
[2020-12-18 10:31:39.2277] 로그 쓰기를 시작합니다.
[2020-12-18 10:31:39.2277] 프로세스 실행 중 입니다.
[2020-12-18 10:31:39.2576] 프로세스 실행을 완료 하였습니다.
[2020-12-18 10:31:39.3364] [RestAPI : 172.16.3.38] 로그인 하였습니다.
[2020-12-18 10:31:39.3374] [RestAPI : 172.16.3.38] 로그인 하였습니다.
[2020-12-18 10:31:39.3424] [WebSocket : 172.16.3.38] 연결 하는 중입니다.
[2020-12-18 10:31:39.3584] [WebSocket : 172.16.3.38] 연결 하였습니다.
[2020-12-18 10:31:42.7729] 로그 쓰기를 시작합니다.
[2020-12-18 10:31:42.7729] 프로세스 실행 중 입니다.
[2020-12-18 10:31:42.8028] 프로세스 실행을 완료 하였습니다.
[2020-12-18 10:31:42.8786] [RestAPI : 172.16.3.38] 로그인 하였습니다.
[2020-12-18 10:31:42.8816] [RestAPI : 172.16.3.38] 로그인 하였습니다.
[2020-12-18 10:31:42.8816] [RestAPI : 172.16.3.38] 로그인 하였습니다.
[2020-12-18 10:31:42.8975] [WebSocket : 172.16.3.38] 연결 하는 중입니다.
[2020-12-18 10:31:42.9125] [WebSocket : 172.16.3.38] 연결 하였습니다.
[2020-12-18 10:31:45.1468] 로그 쓰기를 시작합니다.
[2020-12-18 10:31:45.1468] 프로세스 실행 중 입니다.
[2020-12-18 10:31:45.1847] 프로세스 실행을 완료 하였습니다.
[2020-12-18 10:31:45.2605] [RestAPI : 172.16.3.38] 로그인 하였습니다.
[2020-12-18 10:31:45.2605] [RestAPI : 172.16.3.38] 로그인 하였습니다.
[2020-12-18 10:31:45.2635] [RestAPI : 172.16.3.38] 로그인 하였습니다.
[2020-12-18 10:31:45.2804] [WebSocket : 172.16.3.38] 연결 하는 중입니다.
[2020-12-18 10:31:45.2934] [WebSocket : 172.16.3.38] 연결 하였습니다.
[2020-12-18 10:32:55.1447] 로그 쓰기를 시작합니다.
[2020-12-18 10:32:55.1447] 프로세스 실행 중 입니다.
[2020-12-18 10:32:55.1806] 프로세스 실행을 완료 하였습니다.
[2020-12-18 10:33:28.1137] [RestAPI :keepalive
[2020-12-18 10:33:32.9338] [RestAPI :keepalive
[2020-12-18 10:33:39.3476] [RestAPI :keepalive
[2020-12-18 10:33:42.8832] [RestAPI :keepalive
[2020-12-18 10:33:42.8852] [RestAPI : 172.16.3.38] 로그인을 하지 못했습니다.
[2020-12-18 10:33:45.2698] [RestAPI :keepalive
[2020-12-18 10:33:44.6714] [RestAPI : 172.16.3.38] The request timed-out. - 
[2020-12-18 10:33:45.6109] [RestAPI : 172.16.3.38] 로그인 하였습니다.
[2020-12-18 10:33:46.5215] [RestAPI : 172.16.3.38] 로그인 하였습니다.
[2020-12-18 10:33:46.9254] [RestAPI : 172.16.3.38] 로그인 하였습니다.
[2020-12-18 10:33:46.9264] [RestAPI : 172.16.3.38] 로그인 하였습니다.
[2020-12-18 10:33:46.9304] [WebSocket : 172.16.3.38] 연결 하는 중입니다.
[2020-12-18 10:33:47.2695] [WebSocket : 172.16.3.38] 연결 하였습니다.
[2020-12-18 10:33:51.9321] [RestAPI : 172.16.3.38] The request timed-out. - 
[2020-12-18 10:33:51.9321] [RestAPI : 172.16.3.38] The request timed-out. - 
[2020-12-18 10:34:11.4279] 프로세스 종료대기 중 입니다.
[2020-12-18 10:34:11.4369] [WebSocket : 172.16.3.38] 연결 종료합니다.
[2020-12-18 10:34:11.5476] 프로세스를 종료하였습니다.
[2020-12-18 10:34:11.5615] 로그 쓰기를 종료합니다.
[2020-12-18 10:34:46.5649] 프로세스 종료대기 중 입니다.
[2020-12-18 10:34:46.5769] [WebSocket : 172.16.3.38] 연결 종료합니다.
[2020-12-18 10:34:46.6836] 프로세스를 종료하였습니다.
[2020-12-18 10:34:46.7156] 로그 쓰기를 종료합니다.
[2020-12-18 10:34:48.5247] 프로세스 종료대기 중 입니다.
[2020-12-18 10:34:48.5307] [WebSocket : 172.16.3.38] 연결 종료합니다.
[2020-12-18 10:34:48.6324] 프로세스를 종료하였습니다.
[2020-12-18 10:34:48.6643] 로그 쓰기를 종료합니다.
[2020-12-18 10:35:45.9054] 로그 쓰기를 시작합니다.
[2020-12-18 10:35:45.9054] 프로세스 실행 중 입니다.
[2020-12-18 10:35:45.9433] 프로세스 실행을 완료 하였습니다.
[2020-12-18 10:35:46.0220] [RestAPI : 172.16.3.38] 로그인 하였습니다.
[2020-12-18 10:35:46.0230] [RestAPI : 172.16.3.38] 로그인 하였습니다.
[2020-12-18 10:35:46.0230] [RestAPI : 172.16.3.38] 로그인 하였습니다.
[2020-12-18 10:35:46.0400] [WebSocket : 172.16.3.38] 연결 하는 중입니다.
[2020-12-18 10:35:46.0530] [WebSocket : 172.16.3.38] 연결 하였습니다.
[2020-12-18 10:35:48.4976] 로그 쓰기를 시작합니다.
[2020-12-18 10:35:48.4976] 프로세스 실행 중 입니다.
[2020-12-18 10:35:48.5405] 프로세스 실행을 완료 하였습니다.
[2020-12-18 10:35:48.6173] [RestAPI : 172.16.3.38] 로그인 하였습니다.
[2020-12-18 10:35:48.6173] [RestAPI : 172.16.3.38] 로그인 하였습니다.
[2020-12-18 10:35:48.6293] [WebSocket : 172.16.3.38] 연결 하는 중입니다.
[2020-12-18 10:35:48.6432] [WebSocket : 172.16.3.38] 연결 하였습니다.
[2020-12-18 10:35:51.4723] 로그 쓰기를 시작합니다.
[2020-12-18 10:35:51.4723] 프로세스 실행 중 입니다.
[2020-12-18 10:35:51.5092] 프로세스 실행을 완료 하였습니다.
[2020-12-18 10:35:51.5840] [RestAPI : 172.16.3.38] 로그인 하였습니다.
[2020-12-18 10:35:51.5850] [RestAPI : 172.16.3.38] 로그인 하였습니다.
[2020-12-18 10:35:51.5860] [RestAPI : 172.16.3.38] 로그인 하였습니다.
[2020-12-18 10:35:51.6029] [WebSocket : 172.16.3.38] 연결 하는 중입니다.
[2020-12-18 10:35:51.6179] [WebSocket : 172.16.3.38] 연결 하였습니다.
[2020-12-18 10:35:53.8467] 로그 쓰기를 시작합니다.
[2020-12-18 10:35:53.8467] 프로세스 실행 중 입니다.
[2020-12-18 10:35:53.8826] 프로세스 실행을 완료 하였습니다.
[2020-12-18 10:35:53.9564] [RestAPI : 172.16.3.38] 로그인 하였습니다.
[2020-12-18 10:35:53.9564] [RestAPI : 172.16.3.38] 로그인 하였습니다.
[2020-12-18 10:35:53.9654] [WebSocket : 172.16.3.38] 연결 하는 중입니다.
[2020-12-18 10:35:53.9793] [WebSocket : 172.16.3.38] 연결 하였습니다.
[2020-12-18 10:35:56.5395] 로그 쓰기를 시작합니다.
[2020-12-18 10:35:56.5395] 프로세스 실행 중 입니다.
[2020-12-18 10:35:56.5704] 프로세스 실행을 완료 하였습니다.
[2020-12-18 10:35:56.6502] [RestAPI : 172.16.3.38] 로그인 하였습니다.
[2020-12-18 10:35:56.6512] [RestAPI : 172.16.3.38] 로그인 하였습니다.
[2020-12-18 10:35:56.6642] [WebSocket : 172.16.3.38] 연결 하는 중입니다.
[2020-12-18 10:35:56.6781] [WebSocket : 172.16.3.38] 연결 하였습니다.
[2020-12-18 10:36:46.0273] [RestAPI :keepalive
[2020-12-18 10:36:48.6254] [RestAPI :keepalive
[2020-12-18 10:36:51.5954] [RestAPI :keepalive
[2020-12-18 10:36:53.6430] [RestAPI : 172.16.3.38] Keepalive 응답 오류
[2020-12-18 10:36:53.6440] [RestAPI : 172.16.3.38] The request timed-out. - 
[2020-12-18 10:36:53.9721] [RestAPI :keepalive
[2020-12-18 10:36:56.6011] [RestAPI : 172.16.3.38] Keepalive 응답 오류
[2020-12-18 10:36:56.6031] [RestAPI : 172.16.3.38] The request timed-out. - 
[2020-12-18 10:36:56.6639] [RestAPI :keepalive
[2020-12-18 10:36:58.9827] [RestAPI : 172.16.3.38] Keepalive 응답 오류
[2020-12-18 10:36:58.9837] [RestAPI : 172.16.3.38] The request timed-out. - 
[2020-12-18 10:37:01.6795] [RestAPI : 172.16.3.38] Keepalive 응답 오류
[2020-12-18 10:37:01.6805] [RestAPI : 172.16.3.38] The request timed-out. - 
[2020-12-18 10:37:21.8217] 프로세스 종료대기 중 입니다.
[2020-12-18 10:37:26.8134] [WebSocket : 172.16.3.38] 연결 종료합니다.
[2020-12-18 10:37:26.9241] 프로세스를 종료하였습니다.
[2020-12-18 10:37:26.9541] 로그 쓰기를 종료합니다.
[2020-12-18 10:38:10.5791] 로그 쓰기를 시작합니다.
[2020-12-18 10:38:10.5791] 프로세스 실행 중 입니다.
[2020-12-18 10:38:10.6150] 프로세스 실행을 완료 하였습니다.
[2020-12-18 10:38:10.6908] [RestAPI : 172.16.3.38] 로그인 하였습니다.
[2020-12-18 10:38:10.6978] [WebSocket : 172.16.3.38] 연결 하는 중입니다.
[2020-12-18 10:38:10.7108] [WebSocket : 172.16.3.38] 연결 하였습니다.
[2020-12-18 10:38:13.4068] 로그 쓰기를 시작합니다.
[2020-12-18 10:38:13.4068] 프로세스 실행 중 입니다.
[2020-12-18 10:38:13.4487] 프로세스 실행을 완료 하였습니다.
[2020-12-18 10:38:13.5295] [RestAPI : 172.16.3.38] 로그인 하였습니다.
[2020-12-18 10:38:13.5295] [RestAPI : 172.16.3.38] 로그인 하였습니다.
[2020-12-18 10:38:13.5435] [WebSocket : 172.16.3.38] 연결 하는 중입니다.
[2020-12-18 10:38:13.5574] [WebSocket : 172.16.3.38] 연결 하였습니다.
[2020-12-18 10:38:15.7549] 로그 쓰기를 시작합니다.
[2020-12-18 10:38:15.7549] 프로세스 실행 중 입니다.
[2020-12-18 10:38:15.7868] 프로세스 실행을 완료 하였습니다.
[2020-12-18 10:38:15.8655] [RestAPI : 172.16.3.38] 로그인 하였습니다.
[2020-12-18 10:38:15.8655] [RestAPI : 172.16.3.38] 로그인 하였습니다.
[2020-12-18 10:38:15.8775] [WebSocket : 172.16.3.38] 연결 하는 중입니다.
[2020-12-18 10:38:15.8905] [WebSocket : 172.16.3.38] 연결 하였습니다.
[2020-12-18 10:38:18.0959] 로그 쓰기를 시작합니다.
[2020-12-18 10:38:18.0959] 프로세스 실행 중 입니다.
[2020-12-18 10:38:18.1308] 프로세스 실행을 완료 하였습니다.
[2020-12-18 10:38:18.2056] [RestAPI : 172.16.3.38] 로그인 하였습니다.
[2020-12-18 10:38:18.2156] [WebSocket : 172.16.3.38] 연결 하는 중입니다.
[2020-12-18 10:38:18.2286] [WebSocket : 172.16.3.38] 연결 하였습니다.
[2020-12-18 10:38:20.4613] 로그 쓰기를 시작합니다.
[2020-12-18 10:38:20.4613] 프로세스 실행 중 입니다.
[2020-12-18 10:38:20.4912] 프로세스 실행을 완료 하였습니다.
[2020-12-18 10:38:20.5710] [RestAPI : 172.16.3.38] 로그인 하였습니다.
[2020-12-18 10:38:20.5720] [RestAPI : 172.16.3.38] 로그인 하였습니다.
[2020-12-18 10:38:20.5890] [WebSocket : 172.16.3.38] 연결 하는 중입니다.
[2020-12-18 10:38:20.6059] [WebSocket : 172.16.3.38] 연결 하였습니다.
[2020-12-18 10:39:10.6991] [RestAPI :keepalive
[2020-12-18 10:39:13.5395] [RestAPI :keepalive
[2020-12-18 10:39:15.8703] [RestAPI :keepalive
[2020-12-18 10:39:18.2140] [RestAPI :keepalive
[2020-12-18 10:39:20.5867] [RestAPI :keepalive
[2020-12-18 10:40:10.7068] [RestAPI :keepalive
[2020-12-18 10:40:13.5442] [RestAPI :keepalive
[2020-12-18 10:40:15.8850] [RestAPI :keepalive
[2020-12-18 10:40:18.2307] [RestAPI :keepalive
[2020-12-18 10:40:20.5894] [RestAPI :keepalive
[2020-12-18 10:41:21.1999] 로그 쓰기를 시작합니다.
[2020-12-18 10:41:21.1999] 프로세스 실행 중 입니다.
[2020-12-18 10:41:21.2398] 프로세스 실행을 완료 하였습니다.
[2020-12-18 10:41:21.3126] [RestAPI : 172.16.3.38] 로그인 하였습니다.
[2020-12-18 10:41:21.3246] [WebSocket : 172.16.3.38] 연결 하는 중입니다.
[2020-12-18 10:41:21.3375] [WebSocket : 172.16.3.38] 연결 하였습니다.
[2020-12-18 10:41:23.4056] 로그 쓰기를 시작합니다.
[2020-12-18 10:41:23.4056] 프로세스 실행 중 입니다.
[2020-12-18 10:41:23.4426] 프로세스 실행을 완료 하였습니다.
[2020-12-18 10:41:23.5223] [RestAPI : 172.16.3.38] 로그인 하였습니다.
[2020-12-18 10:41:23.5323] [WebSocket : 172.16.3.38] 연결 하는 중입니다.
[2020-12-18 10:41:23.5453] [WebSocket : 172.16.3.38] 연결 하였습니다.
[2020-12-18 10:41:29.0036] 로그 쓰기를 시작합니다.
[2020-12-18 10:41:29.0036] 프로세스 실행 중 입니다.
[2020-12-18 10:41:29.0365] 프로세스 실행을 완료 하였습니다.
[2020-12-18 10:41:29.1133] [RestAPI : 172.16.3.38] 로그인 하였습니다.
[2020-12-18 10:41:29.1273] [WebSocket : 172.16.3.38] 연결 하는 중입니다.
[2020-12-18 10:41:29.1442] [WebSocket : 172.16.3.38] 연결 하였습니다.
[2020-12-18 10:41:31.7539] 로그 쓰기를 시작합니다.
[2020-12-18 10:41:31.7539] 프로세스 실행 중 입니다.
[2020-12-18 10:41:31.7867] 프로세스 실행을 완료 하였습니다.
[2020-12-18 10:41:31.8635] [RestAPI : 172.16.3.38] 로그인 하였습니다.
[2020-12-18 10:41:31.8755] [WebSocket : 172.16.3.38] 연결 하는 중입니다.
[2020-12-18 10:41:31.8885] [WebSocket : 172.16.3.38] 연결 하였습니다.
[2020-12-18 10:41:35.1716] 로그 쓰기를 시작합니다.
[2020-12-18 10:41:35.1716] 프로세스 실행 중 입니다.
[2020-12-18 10:41:35.2085] 프로세스 실행을 완료 하였습니다.
[2020-12-18 10:41:35.2823] [RestAPI : 172.16.3.38] 로그인 하였습니다.
[2020-12-18 10:41:35.2902] [WebSocket : 172.16.3.38] 연결 하는 중입니다.
[2020-12-18 10:41:35.3052] [WebSocket : 172.16.3.38] 연결 하였습니다.
[2020-12-18 10:42:21.8149] [RestAPI :keepalive
[2020-12-18 10:42:23.9881] [RestAPI :keepalive
[2020-12-18 10:42:29.6202] [RestAPI :keepalive
[2020-12-18 10:42:32.3518] [RestAPI :keepalive
[2020-12-18 10:42:35.8066] [RestAPI :keepalive
[2020-12-18 10:43:22.3558] [RestAPI :keepalive
[2020-12-18 10:43:24.5130] [RestAPI :keepalive
[2020-12-18 10:43:30.1639] [RestAPI :keepalive
[2020-12-18 10:43:32.9146] [RestAPI :keepalive
[2020-12-18 10:43:36.3345] [RestAPI :keepalive
[2020-12-18 10:44:22.8102] [RestAPI :keepalive
[2020-12-18 10:44:24.9117] [RestAPI :keepalive
[2020-12-18 10:44:30.6444] [RestAPI :keepalive
[2020-12-18 10:44:33.3491] [RestAPI :keepalive
[2020-12-18 10:44:36.8447] [RestAPI :keepalive
[2020-12-18 10:45:21.3299] [WebSocket : 172.16.3.38] 연결 종료합니다.
[2020-12-18 10:45:21.3309] [WebSocket : 172.16.3.38] 연결 하는 중입니다.
[2020-12-18 10:45:21.3330] [WebSocket : 172.16.3.38] 연결 하였습니다.
[2020-12-18 10:45:22.3332] [RestAPI : 172.16.3.38] 로그인 하였습니다.
[2020-12-18 10:45:23.5489] [WebSocket : 172.16.3.38] 연결 종료합니다.
[2020-12-18 10:45:23.5519] [WebSocket : 172.16.3.38] 연결 하는 중입니다.
[2020-12-18 10:45:23.5539] [WebSocket : 172.16.3.38] 연결 하였습니다.
[2020-12-18 10:45:24.4715] [RestAPI : 172.16.3.38] 로그인 하였습니다.
[2020-12-18 10:45:29.1261] [WebSocket : 172.16.3.38] 연결 종료합니다.
[2020-12-18 10:45:29.1271] [WebSocket : 172.16.3.38] 연결 하는 중입니다.
[2020-12-18 10:45:29.1291] [WebSocket : 172.16.3.38] 연결 하였습니다.
[2020-12-18 10:45:30.1194] [RestAPI : 172.16.3.38] 로그인 하였습니다.
[2020-12-18 10:45:31.8837] [WebSocket : 172.16.3.38] 연결 종료합니다.
[2020-12-18 10:45:31.8847] [WebSocket : 172.16.3.38] 연결 하는 중입니다.
[2020-12-18 10:45:31.8868] [WebSocket : 172.16.3.38] 연결 하였습니다.
[2020-12-18 10:45:32.8441] [RestAPI : 172.16.3.38] 로그인 하였습니다.
[2020-12-18 10:45:35.2976] [WebSocket : 172.16.3.38] 연결 종료합니다.
[2020-12-18 10:45:35.2986] [WebSocket : 172.16.3.38] 연결 하는 중입니다.
[2020-12-18 10:45:35.3016] [WebSocket : 172.16.3.38] 연결 하였습니다.
[2020-12-18 10:45:35.3205] [RestAPI : 172.16.3.38] 로그인 하였습니다.
[2020-12-18 10:46:22.8714] [RestAPI :keepalive
[2020-12-18 10:46:24.9469] [RestAPI :keepalive
[2020-12-18 10:46:30.6866] [RestAPI :keepalive
[2020-12-18 10:46:33.3215] [RestAPI :keepalive
[2020-12-18 10:46:35.8767] [RestAPI :keepalive
[2020-12-18 10:47:23.3050] [RestAPI :keepalive
[2020-12-18 10:47:25.3774] [RestAPI :keepalive
[2020-12-18 10:47:31.1689] [RestAPI :keepalive
[2020-12-18 10:47:33.7840] [RestAPI :keepalive
[2020-12-18 10:47:36.3361] [RestAPI :keepalive
[2020-12-18 10:48:23.9366] [RestAPI :keepalive
[2020-12-18 10:48:25.9652] [RestAPI :keepalive
[2020-12-18 10:48:31.7009] [RestAPI :keepalive
[2020-12-18 10:48:34.3109] [RestAPI :keepalive
[2020-12-18 10:48:36.8971] [RestAPI :keepalive
[2020-12-18 10:49:22.3526] [WebSocket : 172.16.3.38] 연결 종료합니다.
[2020-12-18 10:49:22.3546] [WebSocket : 172.16.3.38] 연결 하는 중입니다.
[2020-12-18 10:49:22.3566] [WebSocket : 172.16.3.38] 연결 하였습니다.
[2020-12-18 10:49:22.4263] [RestAPI : 172.16.3.38] 로그인 하였습니다.
[2020-12-18 10:49:24.4818] [WebSocket : 172.16.3.38] 연결 종료합니다.
[2020-12-18 10:49:24.4839] [WebSocket : 172.16.3.38] 연결 하는 중입니다.
[2020-12-18 10:49:24.4859] [WebSocket : 172.16.3.38] 연결 하였습니다.
[2020-12-18 10:49:25.4612] [RestAPI : 172.16.3.38] 로그인 하였습니다.
[2020-12-18 10:49:30.1398] [WebSocket : 172.16.3.38] 연결 종료합니다.
[2020-12-18 10:49:30.1417] [WebSocket : 172.16.3.38] 연결 하는 중입니다.
[2020-12-18 10:49:30.1437] [WebSocket : 172.16.3.38] 연결 하였습니다.
[2020-12-18 10:49:30.1956] [RestAPI : 172.16.3.38] 로그인 하였습니다.
[2020-12-18 10:49:32.8664] [WebSocket : 172.16.3.38] 연결 종료합니다.
[2020-12-18 10:49:32.8684] [WebSocket : 172.16.3.38] 연결 하는 중입니다.
[2020-12-18 10:49:32.8704] [WebSocket : 172.16.3.38] 연결 하였습니다.
[2020-12-18 10:49:33.7930] [RestAPI : 172.16.3.38] 로그인 하였습니다.
[2020-12-18 10:49:35.3408] [WebSocket : 172.16.3.38] 연결 종료합니다.
[2020-12-18 10:49:35.3428] [WebSocket : 172.16.3.38] 연결 하는 중입니다.
[2020-12-18 10:49:35.3449] [WebSocket : 172.16.3.38] 연결 하였습니다.
[2020-12-18 10:49:35.3648] [RestAPI : 172.16.3.38] 로그인 하였습니다.
[2020-12-18 10:50:22.8910] [RestAPI :keepalive
[2020-12-18 10:50:25.9078] [RestAPI :keepalive
[2020-12-18 10:50:30.6881] [RestAPI :keepalive
[2020-12-18 10:50:34.2894] [RestAPI :keepalive
[2020-12-18 10:50:35.9091] [RestAPI :keepalive
[2020-12-18 10:51:23.3902] [RestAPI :keepalive
[2020-12-18 10:51:26.4291] [RestAPI :keepalive
[2020-12-18 10:51:31.1775] [RestAPI :keepalive
[2020-12-18 10:51:34.8616] [RestAPI :keepalive
[2020-12-18 10:51:36.3986] [RestAPI :keepalive
[2020-12-18 10:52:23.8965] [RestAPI :keepalive
[2020-12-18 10:52:26.9195] [RestAPI :keepalive
[2020-12-18 10:52:31.6738] [RestAPI :keepalive
[2020-12-18 10:52:35.3530] [RestAPI :keepalive
[2020-12-18 10:52:36.8928] [RestAPI :keepalive
[2020-12-18 10:53:22.4381] [WebSocket : 172.16.3.38] 연결 종료합니다.
[2020-12-18 10:53:22.4441] [WebSocket : 172.16.3.38] 연결 하는 중입니다.
[2020-12-18 10:53:22.4481] [WebSocket : 172.16.3.38] 연결 하였습니다.
[2020-12-18 10:53:23.3826] [RestAPI : 172.16.3.38] 로그인 하였습니다.
[2020-12-18 10:53:25.4801] [WebSocket : 172.16.3.38] 연결 종료합니다.
[2020-12-18 10:53:25.4840] [WebSocket : 172.16.3.38] 연결 하는 중입니다.
[2020-12-18 10:53:25.4880] [WebSocket : 172.16.3.38] 연결 하였습니다.
[2020-12-18 10:53:26.4205] [RestAPI : 172.16.3.38] 로그인 하였습니다.
[2020-12-18 10:53:30.2194] [WebSocket : 172.16.3.38] 연결 종료합니다.
[2020-12-18 10:53:30.2243] [WebSocket : 172.16.3.38] 연결 하는 중입니다.
[2020-12-18 10:53:30.2313] [WebSocket : 172.16.3.38] 연결 하였습니다.
[2020-12-18 10:53:31.1588] [RestAPI : 172.16.3.38] 로그인 하였습니다.
[2020-12-18 10:53:33.8127] [WebSocket : 172.16.3.38] 연결 종료합니다.
[2020-12-18 10:53:33.8167] [WebSocket : 172.16.3.38] 연결 하는 중입니다.
[2020-12-18 10:53:33.8207] [WebSocket : 172.16.3.38] 연결 하였습니다.
[2020-12-18 10:53:34.8061] [RestAPI : 172.16.3.38] 로그인 하였습니다.
[2020-12-18 10:53:35.3805] [WebSocket : 172.16.3.38] 연결 종료합니다.
[2020-12-18 10:53:35.3845] [WebSocket : 172.16.3.38] 연결 하는 중입니다.
[2020-12-18 10:53:35.3885] [WebSocket : 172.16.3.38] 연결 하였습니다.
[2020-12-18 10:53:36.3888] [RestAPI : 172.16.3.38] 로그인 하였습니다.
[2020-12-18 10:54:23.8919] [RestAPI :keepalive
[2020-12-18 10:54:26.9028] [RestAPI :keepalive
[2020-12-18 10:54:31.7010] [RestAPI :keepalive
[2020-12-18 10:54:35.3443] [RestAPI :keepalive
[2020-12-18 10:54:36.9719] [RestAPI :keepalive
[2020-12-18 10:55:24.4750] [RestAPI :keepalive
[2020-12-18 10:55:27.4870] [RestAPI :keepalive
[2020-12-18 10:55:32.2323] [RestAPI :keepalive
[2020-12-18 10:55:35.8297] [RestAPI :keepalive
[2020-12-18 10:55:37.5082] [RestAPI :keepalive
[2020-12-18 10:56:24.9733] [RestAPI :keepalive
[2020-12-18 10:56:28.0092] [RestAPI :keepalive
[2020-12-18 10:56:32.7078] [RestAPI :keepalive
[2020-12-18 10:56:36.3489] [RestAPI :keepalive
[2020-12-18 10:56:38.0285] [RestAPI :keepalive
[2020-12-18 10:57:23.4012] [WebSocket : 172.16.3.38] 연결 종료합니다.
[2020-12-18 10:57:23.4032] [WebSocket : 172.16.3.38] 연결 하는 중입니다.
[2020-12-18 10:57:23.4072] [WebSocket : 172.16.3.38] 연결 하였습니다.
[2020-12-18 10:57:23.4451] [RestAPI : 172.16.3.38] 로그인 하였습니다.
[2020-12-18 10:57:26.4381] [WebSocket : 172.16.3.38] 연결 종료합니다.
[2020-12-18 10:57:26.4401] [WebSocket : 172.16.3.38] 연결 하는 중입니다.
[2020-12-18 10:57:26.4441] [WebSocket : 172.16.3.38] 연결 하였습니다.
[2020-12-18 10:57:26.4840] [RestAPI : 172.16.3.38] 로그인 하였습니다.
[2020-12-18 10:57:31.1705] [WebSocket : 172.16.3.38] 연결 종료합니다.
[2020-12-18 10:57:31.1725] [WebSocket : 172.16.3.38] 연결 하는 중입니다.
[2020-12-18 10:57:31.1765] [WebSocket : 172.16.3.38] 연결 하였습니다.
[2020-12-18 10:57:31.2463] [RestAPI : 172.16.3.38] 로그인 하였습니다.
[2020-12-18 10:57:34.8208] [WebSocket : 172.16.3.38] 연결 종료합니다.
[2020-12-18 10:57:34.8227] [WebSocket : 172.16.3.38] 연결 하는 중입니다.
[2020-12-18 10:57:34.8268] [WebSocket : 172.16.3.38] 연결 하였습니다.
[2020-12-18 10:57:34.8786] [RestAPI : 172.16.3.38] 로그인 하였습니다.
[2020-12-18 10:57:36.4096] [WebSocket : 172.16.3.38] 연결 종료합니다.
[2020-12-18 10:57:36.4115] [WebSocket : 172.16.3.38] 연결 하는 중입니다.
[2020-12-18 10:57:36.4165] [WebSocket : 172.16.3.38] 연결 하였습니다.
[2020-12-18 10:57:36.5870] [RestAPI : 172.16.3.38] 로그인 하였습니다.
[2020-12-18 10:58:24.0123] [RestAPI :keepalive
[2020-12-18 10:58:27.0392] [RestAPI :keepalive
[2020-12-18 10:58:31.7627] [RestAPI :keepalive
[2020-12-18 10:58:35.4557] [RestAPI :keepalive
[2020-12-18 10:58:37.1053] [RestAPI :keepalive
[2020-12-18 10:59:24.4757] [RestAPI :keepalive
[2020-12-18 10:59:27.5187] [RestAPI :keepalive
[2020-12-18 10:59:32.1841] [RestAPI :keepalive
[2020-12-18 10:59:35.9002] [RestAPI :keepalive
[2020-12-18 10:59:37.5838] [RestAPI :keepalive
