[2020-11-16 10:44:57.0678] 로그 쓰기를 시작합니다.
[2020-11-16 10:44:57.0688] 프로세스 실행 중 입니다.
[2020-11-16 10:44:57.1067] 프로세스 실행을 완료 하였습니다.
[2020-11-16 10:44:57.2214] [RestAPI : intellivix.iptime.org] 로그인 하였습니다.
[2020-11-16 10:44:57.2383] [WebSocket : intellivix.iptime.org] 연결 하는 중입니다.
[2020-11-16 10:44:57.2573] [WebSocket : intellivix.iptime.org] 연결 하였습니다.
[2020-11-16 10:46:51.2353] 로그 쓰기를 시작합니다.
[2020-11-16 10:46:51.2374] 프로세스 실행 중 입니다.
[2020-11-16 10:46:51.2938] 프로세스 실행을 완료 하였습니다.
[2020-11-16 10:46:51.4035] [RestAPI : intellivix.iptime.org] 로그인 하였습니다.
[2020-11-16 10:46:51.4075] [WebSocket : intellivix.iptime.org] 연결 하는 중입니다.
[2020-11-16 10:48:49.3014] 로그 쓰기를 시작합니다.
[2020-11-16 10:48:49.3014] 프로세스 실행 중 입니다.
[2020-11-16 10:48:49.3255] 프로세스 실행을 완료 하였습니다.
[2020-11-16 10:48:49.4732] [RestAPI : intellivix.iptime.org] 로그인 하였습니다.
[2020-11-16 10:48:49.4882] [WebSocket : intellivix.iptime.org] 연결 하는 중입니다.
[2020-11-16 10:49:07.4694] 로그 쓰기를 시작합니다.
[2020-11-16 10:49:07.4694] 프로세스 실행 중 입니다.
[2020-11-16 10:50:20.6296] 로그 쓰기를 시작합니다.
[2020-11-16 10:50:20.6296] 프로세스 실행 중 입니다.
[2020-11-16 10:51:03.5337] 프로세스 실행을 완료 하였습니다.
[2020-11-16 10:51:03.6925] [RestAPI : 172.16.1.12] 로그인 하였습니다.
[2020-11-16 10:51:03.7099] [WebSocket : 172.16.1.12] 연결 하는 중입니다.
[2020-11-16 10:51:04.7572] [WebSocket : 172.16.1.12] 연결 하였습니다.
